Command line invocation:
    /Applications/Xcode.app/Contents/Developer/usr/bin/xcodebuild -scheme SOGAN -destination "platform=iOS Simulator,name=iPhone 16" clean build

ComputePackagePrebuildTargetDependencyGraph

CreateBuildRequest

SendProjectDescription

CreateBuildOperation

** CLEAN SUCCEEDED **

ComputePackagePrebuildTargetDependencyGraph

Prepare packages

CreateBuildRequest

SendProjectDescription

CreateBuildOperation

ComputeTargetDependencyGraph
note: Building targets in dependency order
note: Target dependency graph (1 target)
    Target 'SOGAN' in project 'SOGAN' (no dependencies)

GatherProvisioningInputs

CreateBuildDescription

ExecuteExternalTool /Applications/Xcode.app/Contents/Developer/Toolchains/XcodeDefault.xctoolchain/usr/bin/clang -v -E -dM -isysroot /Applications/Xcode.app/Contents/Developer/Platforms/iPhoneSimulator.platform/Developer/SDKs/iPhoneSimulator18.5.sdk -x c -c /dev/null

ExecuteExternalTool /Applications/Xcode.app/Contents/Developer/usr/bin/actool --print-asset-tag-combinations --output-format xml1 /Users/igasakigouta/Desktop/compleat/NEW＿完成させるよ/SOGAN/SOGAN/Assets.xcassets

ExecuteExternalTool /Applications/Xcode.app/Contents/Developer/usr/bin/actool --version --output-format xml1

ExecuteExternalTool /Applications/Xcode.app/Contents/Developer/Toolchains/XcodeDefault.xctoolchain/usr/bin/swiftc --version

ExecuteExternalTool /Applications/Xcode.app/Contents/Developer/Toolchains/XcodeDefault.xctoolchain/usr/bin/ld -version_details

Build description signature: 53d114b20ad47b95457d829cdd2fe41a
Build description path: /Users/igasakigouta/Library/Developer/Xcode/DerivedData/SOGAN-afvumtezccrqgdcutgqwctlpryht/Build/Intermediates.noindex/XCBuildData/53d114b20ad47b95457d829cdd2fe41a.xcbuilddata
ClangStatCache /Applications/Xcode.app/Contents/Developer/Toolchains/XcodeDefault.xctoolchain/usr/bin/clang-stat-cache /Applications/Xcode.app/Contents/Developer/Platforms/iPhoneSimulator.platform/Developer/SDKs/iPhoneSimulator18.5.sdk /Users/igasakigouta/Library/Developer/Xcode/DerivedData/SDKStatCaches.noindex/iphonesimulator18.5-22F76-d5fc8ad4295d2ef488fb7d0f804ce0c4.sdkstatcache
    cd /Users/igasakigouta/Desktop/compleat/NEW＿完成させるよ/SOGAN/SOGAN.xcodeproj
    /Applications/Xcode.app/Contents/Developer/Toolchains/XcodeDefault.xctoolchain/usr/bin/clang-stat-cache /Applications/Xcode.app/Contents/Developer/Platforms/iPhoneSimulator.platform/Developer/SDKs/iPhoneSimulator18.5.sdk -o /Users/igasakigouta/Library/Developer/Xcode/DerivedData/SDKStatCaches.noindex/iphonesimulator18.5-22F76-d5fc8ad4295d2ef488fb7d0f804ce0c4.sdkstatcache

CreateBuildDirectory /Users/igasakigouta/Library/Developer/Xcode/DerivedData/SOGAN-afvumtezccrqgdcutgqwctlpryht/Build/Products
    cd /Users/igasakigouta/Desktop/compleat/NEW＿完成させるよ/SOGAN/SOGAN.xcodeproj
    builtin-create-build-directory /Users/igasakigouta/Library/Developer/Xcode/DerivedData/SOGAN-afvumtezccrqgdcutgqwctlpryht/Build/Products

CreateBuildDirectory /Users/igasakigouta/Library/Developer/Xcode/DerivedData/SOGAN-afvumtezccrqgdcutgqwctlpryht/Build/Intermediates.noindex
    cd /Users/igasakigouta/Desktop/compleat/NEW＿完成させるよ/SOGAN/SOGAN.xcodeproj
    builtin-create-build-directory /Users/igasakigouta/Library/Developer/Xcode/DerivedData/SOGAN-afvumtezccrqgdcutgqwctlpryht/Build/Intermediates.noindex

CreateBuildDirectory /Users/igasakigouta/Library/Developer/Xcode/DerivedData/SOGAN-afvumtezccrqgdcutgqwctlpryht/Build/Products/Debug-iphonesimulator
    cd /Users/igasakigouta/Desktop/compleat/NEW＿完成させるよ/SOGAN/SOGAN.xcodeproj
    builtin-create-build-directory /Users/igasakigouta/Library/Developer/Xcode/DerivedData/SOGAN-afvumtezccrqgdcutgqwctlpryht/Build/Products/Debug-iphonesimulator

CreateBuildDirectory /Users/igasakigouta/Library/Developer/Xcode/DerivedData/SOGAN-afvumtezccrqgdcutgqwctlpryht/Build/Intermediates.noindex/EagerLinkingTBDs/Debug-iphonesimulator
    cd /Users/igasakigouta/Desktop/compleat/NEW＿完成させるよ/SOGAN/SOGAN.xcodeproj
    builtin-create-build-directory /Users/igasakigouta/Library/Developer/Xcode/DerivedData/SOGAN-afvumtezccrqgdcutgqwctlpryht/Build/Intermediates.noindex/EagerLinkingTBDs/Debug-iphonesimulator

WriteAuxiliaryFile /Users/igasakigouta/Library/Developer/Xcode/DerivedData/SOGAN-afvumtezccrqgdcutgqwctlpryht/Build/Intermediates.noindex/SOGAN.build/Debug-iphonesimulator/SOGAN-2cd5ee524125858d7fa1290d915e3599-VFS-iphonesimulator/all-product-headers.yaml
    cd /Users/igasakigouta/Desktop/compleat/NEW＿完成させるよ/SOGAN/SOGAN.xcodeproj
    write-file /Users/igasakigouta/Library/Developer/Xcode/DerivedData/SOGAN-afvumtezccrqgdcutgqwctlpryht/Build/Intermediates.noindex/SOGAN.build/Debug-iphonesimulator/SOGAN-2cd5ee524125858d7fa1290d915e3599-VFS-iphonesimulator/all-product-headers.yaml

WriteAuxiliaryFile /Users/igasakigouta/Library/Developer/Xcode/DerivedData/SOGAN-afvumtezccrqgdcutgqwctlpryht/Build/Intermediates.noindex/SOGAN.build/Debug-iphonesimulator/SOGAN.build/SOGAN-all-target-headers.hmap (in target 'SOGAN' from project 'SOGAN')
    cd /Users/igasakigouta/Desktop/compleat/NEW＿完成させるよ/SOGAN
    write-file /Users/igasakigouta/Library/Developer/Xcode/DerivedData/SOGAN-afvumtezccrqgdcutgqwctlpryht/Build/Intermediates.noindex/SOGAN.build/Debug-iphonesimulator/SOGAN.build/SOGAN-all-target-headers.hmap

WriteAuxiliaryFile /Users/igasakigouta/Library/Developer/Xcode/DerivedData/SOGAN-afvumtezccrqgdcutgqwctlpryht/Build/Intermediates.noindex/SOGAN.build/Debug-iphonesimulator/SOGAN.build/SOGAN.hmap (in target 'SOGAN' from project 'SOGAN')
    cd /Users/igasakigouta/Desktop/compleat/NEW＿完成させるよ/SOGAN
    write-file /Users/igasakigouta/Library/Developer/Xcode/DerivedData/SOGAN-afvumtezccrqgdcutgqwctlpryht/Build/Intermediates.noindex/SOGAN.build/Debug-iphonesimulator/SOGAN.build/SOGAN.hmap

WriteAuxiliaryFile /Users/igasakigouta/Library/Developer/Xcode/DerivedData/SOGAN-afvumtezccrqgdcutgqwctlpryht/Build/Intermediates.noindex/SOGAN.build/Debug-iphonesimulator/SOGAN.build/SOGAN-generated-files.hmap (in target 'SOGAN' from project 'SOGAN')
    cd /Users/igasakigouta/Desktop/compleat/NEW＿完成させるよ/SOGAN
    write-file /Users/igasakigouta/Library/Developer/Xcode/DerivedData/SOGAN-afvumtezccrqgdcutgqwctlpryht/Build/Intermediates.noindex/SOGAN.build/Debug-iphonesimulator/SOGAN.build/SOGAN-generated-files.hmap

WriteAuxiliaryFile /Users/igasakigouta/Library/Developer/Xcode/DerivedData/SOGAN-afvumtezccrqgdcutgqwctlpryht/Build/Intermediates.noindex/SOGAN.build/Debug-iphonesimulator/SOGAN.build/SOGAN-all-non-framework-target-headers.hmap (in target 'SOGAN' from project 'SOGAN')
    cd /Users/igasakigouta/Desktop/compleat/NEW＿完成させるよ/SOGAN
    write-file /Users/igasakigouta/Library/Developer/Xcode/DerivedData/SOGAN-afvumtezccrqgdcutgqwctlpryht/Build/Intermediates.noindex/SOGAN.build/Debug-iphonesimulator/SOGAN.build/SOGAN-all-non-framework-target-headers.hmap

WriteAuxiliaryFile /Users/igasakigouta/Library/Developer/Xcode/DerivedData/SOGAN-afvumtezccrqgdcutgqwctlpryht/Build/Intermediates.noindex/SOGAN.build/Debug-iphonesimulator/SOGAN.build/SOGAN-project-headers.hmap (in target 'SOGAN' from project 'SOGAN')
    cd /Users/igasakigouta/Desktop/compleat/NEW＿完成させるよ/SOGAN
    write-file /Users/igasakigouta/Library/Developer/Xcode/DerivedData/SOGAN-afvumtezccrqgdcutgqwctlpryht/Build/Intermediates.noindex/SOGAN.build/Debug-iphonesimulator/SOGAN.build/SOGAN-project-headers.hmap

WriteAuxiliaryFile /Users/igasakigouta/Library/Developer/Xcode/DerivedData/SOGAN-afvumtezccrqgdcutgqwctlpryht/Build/Intermediates.noindex/SOGAN.build/Debug-iphonesimulator/SOGAN.build/SOGAN-own-target-headers.hmap (in target 'SOGAN' from project 'SOGAN')
    cd /Users/igasakigouta/Desktop/compleat/NEW＿完成させるよ/SOGAN
    write-file /Users/igasakigouta/Library/Developer/Xcode/DerivedData/SOGAN-afvumtezccrqgdcutgqwctlpryht/Build/Intermediates.noindex/SOGAN.build/Debug-iphonesimulator/SOGAN.build/SOGAN-own-target-headers.hmap

WriteAuxiliaryFile /Users/igasakigouta/Library/Developer/Xcode/DerivedData/SOGAN-afvumtezccrqgdcutgqwctlpryht/Build/Intermediates.noindex/SOGAN.build/Debug-iphonesimulator/SOGAN.build/SOGAN-DebugDylibPath-normal-arm64.txt (in target 'SOGAN' from project 'SOGAN')
    cd /Users/igasakigouta/Desktop/compleat/NEW＿完成させるよ/SOGAN
    write-file /Users/igasakigouta/Library/Developer/Xcode/DerivedData/SOGAN-afvumtezccrqgdcutgqwctlpryht/Build/Intermediates.noindex/SOGAN.build/Debug-iphonesimulator/SOGAN.build/SOGAN-DebugDylibPath-normal-arm64.txt

WriteAuxiliaryFile /Users/igasakigouta/Library/Developer/Xcode/DerivedData/SOGAN-afvumtezccrqgdcutgqwctlpryht/Build/Intermediates.noindex/SOGAN.build/Debug-iphonesimulator/SOGAN.build/SOGAN.DependencyStaticMetadataFileList (in target 'SOGAN' from project 'SOGAN')
    cd /Users/igasakigouta/Desktop/compleat/NEW＿完成させるよ/SOGAN
    write-file /Users/igasakigouta/Library/Developer/Xcode/DerivedData/SOGAN-afvumtezccrqgdcutgqwctlpryht/Build/Intermediates.noindex/SOGAN.build/Debug-iphonesimulator/SOGAN.build/SOGAN.DependencyStaticMetadataFileList

WriteAuxiliaryFile /Users/igasakigouta/Library/Developer/Xcode/DerivedData/SOGAN-afvumtezccrqgdcutgqwctlpryht/Build/Intermediates.noindex/SOGAN.build/Debug-iphonesimulator/SOGAN.build/empty-SOGAN.plist (in target 'SOGAN' from project 'SOGAN')
    cd /Users/igasakigouta/Desktop/compleat/NEW＿完成させるよ/SOGAN
    write-file /Users/igasakigouta/Library/Developer/Xcode/DerivedData/SOGAN-afvumtezccrqgdcutgqwctlpryht/Build/Intermediates.noindex/SOGAN.build/Debug-iphonesimulator/SOGAN.build/empty-SOGAN.plist

WriteAuxiliaryFile /Users/igasakigouta/Library/Developer/Xcode/DerivedData/SOGAN-afvumtezccrqgdcutgqwctlpryht/Build/Intermediates.noindex/SOGAN.build/Debug-iphonesimulator/SOGAN.build/SOGAN.DependencyMetadataFileList (in target 'SOGAN' from project 'SOGAN')
    cd /Users/igasakigouta/Desktop/compleat/NEW＿完成させるよ/SOGAN
    write-file /Users/igasakigouta/Library/Developer/Xcode/DerivedData/SOGAN-afvumtezccrqgdcutgqwctlpryht/Build/Intermediates.noindex/SOGAN.build/Debug-iphonesimulator/SOGAN.build/SOGAN.DependencyMetadataFileList

WriteAuxiliaryFile /Users/igasakigouta/Library/Developer/Xcode/DerivedData/SOGAN-afvumtezccrqgdcutgqwctlpryht/Build/Intermediates.noindex/SOGAN.build/Debug-iphonesimulator/SOGAN.build/SOGAN-DebugDylibInstallName-normal-arm64.txt (in target 'SOGAN' from project 'SOGAN')
    cd /Users/igasakigouta/Desktop/compleat/NEW＿完成させるよ/SOGAN
    write-file /Users/igasakigouta/Library/Developer/Xcode/DerivedData/SOGAN-afvumtezccrqgdcutgqwctlpryht/Build/Intermediates.noindex/SOGAN.build/Debug-iphonesimulator/SOGAN.build/SOGAN-DebugDylibInstallName-normal-arm64.txt

WriteAuxiliaryFile /Users/igasakigouta/Library/Developer/Xcode/DerivedData/SOGAN-afvumtezccrqgdcutgqwctlpryht/Build/Intermediates.noindex/SOGAN.build/Debug-iphonesimulator/SOGAN.build/Objects-normal/arm64/SOGAN_const_extract_protocols.json (in target 'SOGAN' from project 'SOGAN')
    cd /Users/igasakigouta/Desktop/compleat/NEW＿完成させるよ/SOGAN
    write-file /Users/igasakigouta/Library/Developer/Xcode/DerivedData/SOGAN-afvumtezccrqgdcutgqwctlpryht/Build/Intermediates.noindex/SOGAN.build/Debug-iphonesimulator/SOGAN.build/Objects-normal/arm64/SOGAN_const_extract_protocols.json

WriteAuxiliaryFile /Users/igasakigouta/Library/Developer/Xcode/DerivedData/SOGAN-afvumtezccrqgdcutgqwctlpryht/Build/Intermediates.noindex/SOGAN.build/Debug-iphonesimulator/SOGAN.build/Objects-normal/arm64/SOGAN.SwiftFileList (in target 'SOGAN' from project 'SOGAN')
    cd /Users/igasakigouta/Desktop/compleat/NEW＿完成させるよ/SOGAN
    write-file /Users/igasakigouta/Library/Developer/Xcode/DerivedData/SOGAN-afvumtezccrqgdcutgqwctlpryht/Build/Intermediates.noindex/SOGAN.build/Debug-iphonesimulator/SOGAN.build/Objects-normal/arm64/SOGAN.SwiftFileList

WriteAuxiliaryFile /Users/igasakigouta/Library/Developer/Xcode/DerivedData/SOGAN-afvumtezccrqgdcutgqwctlpryht/Build/Intermediates.noindex/SOGAN.build/Debug-iphonesimulator/SOGAN.build/Objects-normal/arm64/SOGAN.SwiftConstValuesFileList (in target 'SOGAN' from project 'SOGAN')
    cd /Users/igasakigouta/Desktop/compleat/NEW＿完成させるよ/SOGAN
    write-file /Users/igasakigouta/Library/Developer/Xcode/DerivedData/SOGAN-afvumtezccrqgdcutgqwctlpryht/Build/Intermediates.noindex/SOGAN.build/Debug-iphonesimulator/SOGAN.build/Objects-normal/arm64/SOGAN.SwiftConstValuesFileList

WriteAuxiliaryFile /Users/igasakigouta/Library/Developer/Xcode/DerivedData/SOGAN-afvumtezccrqgdcutgqwctlpryht/Build/Intermediates.noindex/SOGAN.build/Debug-iphonesimulator/SOGAN.build/Objects-normal/arm64/SOGAN.LinkFileList (in target 'SOGAN' from project 'SOGAN')
    cd /Users/igasakigouta/Desktop/compleat/NEW＿完成させるよ/SOGAN
    write-file /Users/igasakigouta/Library/Developer/Xcode/DerivedData/SOGAN-afvumtezccrqgdcutgqwctlpryht/Build/Intermediates.noindex/SOGAN.build/Debug-iphonesimulator/SOGAN.build/Objects-normal/arm64/SOGAN.LinkFileList

WriteAuxiliaryFile /Users/igasakigouta/Library/Developer/Xcode/DerivedData/SOGAN-afvumtezccrqgdcutgqwctlpryht/Build/Intermediates.noindex/SOGAN.build/Debug-iphonesimulator/SOGAN.build/Objects-normal/arm64/SOGAN-OutputFileMap.json (in target 'SOGAN' from project 'SOGAN')
    cd /Users/igasakigouta/Desktop/compleat/NEW＿完成させるよ/SOGAN
    write-file /Users/igasakigouta/Library/Developer/Xcode/DerivedData/SOGAN-afvumtezccrqgdcutgqwctlpryht/Build/Intermediates.noindex/SOGAN.build/Debug-iphonesimulator/SOGAN.build/Objects-normal/arm64/SOGAN-OutputFileMap.json

MkDir /Users/igasakigouta/Library/Developer/Xcode/DerivedData/SOGAN-afvumtezccrqgdcutgqwctlpryht/Build/Products/Debug-iphonesimulator/SOGAN.app (in target 'SOGAN' from project 'SOGAN')
    cd /Users/igasakigouta/Desktop/compleat/NEW＿完成させるよ/SOGAN
    /bin/mkdir -p /Users/igasakigouta/Library/Developer/Xcode/DerivedData/SOGAN-afvumtezccrqgdcutgqwctlpryht/Build/Products/Debug-iphonesimulator/SOGAN.app

WriteAuxiliaryFile /Users/igasakigouta/Library/Developer/Xcode/DerivedData/SOGAN-afvumtezccrqgdcutgqwctlpryht/Build/Intermediates.noindex/SOGAN.build/Debug-iphonesimulator/SOGAN.build/DerivedSources/Entitlements-Simulated.plist (in target 'SOGAN' from project 'SOGAN')
    cd /Users/igasakigouta/Desktop/compleat/NEW＿完成させるよ/SOGAN
    write-file /Users/igasakigouta/Library/Developer/Xcode/DerivedData/SOGAN-afvumtezccrqgdcutgqwctlpryht/Build/Intermediates.noindex/SOGAN.build/Debug-iphonesimulator/SOGAN.build/DerivedSources/Entitlements-Simulated.plist

ProcessProductPackaging /Users/igasakigouta/Desktop/compleat/NEW＿完成させるよ/SOGAN/SOGAN/SOGAN.entitlements /Users/igasakigouta/Library/Developer/Xcode/DerivedData/SOGAN-afvumtezccrqgdcutgqwctlpryht/Build/Intermediates.noindex/SOGAN.build/Debug-iphonesimulator/SOGAN.build/SOGAN.app.xcent (in target 'SOGAN' from project 'SOGAN')
    cd /Users/igasakigouta/Desktop/compleat/NEW＿完成させるよ/SOGAN
    
    Entitlements:
    
    {
}
    
    builtin-productPackagingUtility /Users/igasakigouta/Desktop/compleat/NEW＿完成させるよ/SOGAN/SOGAN/SOGAN.entitlements -entitlements -format xml -o /Users/igasakigouta/Library/Developer/Xcode/DerivedData/SOGAN-afvumtezccrqgdcutgqwctlpryht/Build/Intermediates.noindex/SOGAN.build/Debug-iphonesimulator/SOGAN.build/SOGAN.app.xcent

ProcessProductPackaging /Users/igasakigouta/Desktop/compleat/NEW＿完成させるよ/SOGAN/SOGAN/SOGAN.entitlements /Users/igasakigouta/Library/Developer/Xcode/DerivedData/SOGAN-afvumtezccrqgdcutgqwctlpryht/Build/Intermediates.noindex/SOGAN.build/Debug-iphonesimulator/SOGAN.build/SOGAN.app-Simulated.xcent (in target 'SOGAN' from project 'SOGAN')
    cd /Users/igasakigouta/Desktop/compleat/NEW＿完成させるよ/SOGAN
    
    Entitlements:
    
    {
    "application-identifier" = "3477ZNRKUT.com.igafactory.SOGAN";
}
    
    builtin-productPackagingUtility /Users/igasakigouta/Desktop/compleat/NEW＿完成させるよ/SOGAN/SOGAN/SOGAN.entitlements -entitlements -format xml -o /Users/igasakigouta/Library/Developer/Xcode/DerivedData/SOGAN-afvumtezccrqgdcutgqwctlpryht/Build/Intermediates.noindex/SOGAN.build/Debug-iphonesimulator/SOGAN.build/SOGAN.app-Simulated.xcent

ProcessProductPackagingDER /Users/igasakigouta/Library/Developer/Xcode/DerivedData/SOGAN-afvumtezccrqgdcutgqwctlpryht/Build/Intermediates.noindex/SOGAN.build/Debug-iphonesimulator/SOGAN.build/SOGAN.app.xcent /Users/igasakigouta/Library/Developer/Xcode/DerivedData/SOGAN-afvumtezccrqgdcutgqwctlpryht/Build/Intermediates.noindex/SOGAN.build/Debug-iphonesimulator/SOGAN.build/SOGAN.app.xcent.der (in target 'SOGAN' from project 'SOGAN')
    cd /Users/igasakigouta/Desktop/compleat/NEW＿完成させるよ/SOGAN
    /usr/bin/derq query -f xml -i /Users/igasakigouta/Library/Developer/Xcode/DerivedData/SOGAN-afvumtezccrqgdcutgqwctlpryht/Build/Intermediates.noindex/SOGAN.build/Debug-iphonesimulator/SOGAN.build/SOGAN.app.xcent -o /Users/igasakigouta/Library/Developer/Xcode/DerivedData/SOGAN-afvumtezccrqgdcutgqwctlpryht/Build/Intermediates.noindex/SOGAN.build/Debug-iphonesimulator/SOGAN.build/SOGAN.app.xcent.der --raw

ProcessProductPackagingDER /Users/igasakigouta/Library/Developer/Xcode/DerivedData/SOGAN-afvumtezccrqgdcutgqwctlpryht/Build/Intermediates.noindex/SOGAN.build/Debug-iphonesimulator/SOGAN.build/SOGAN.app-Simulated.xcent /Users/igasakigouta/Library/Developer/Xcode/DerivedData/SOGAN-afvumtezccrqgdcutgqwctlpryht/Build/Intermediates.noindex/SOGAN.build/Debug-iphonesimulator/SOGAN.build/SOGAN.app-Simulated.xcent.der (in target 'SOGAN' from project 'SOGAN')
    cd /Users/igasakigouta/Desktop/compleat/NEW＿完成させるよ/SOGAN
    /usr/bin/derq query -f xml -i /Users/igasakigouta/Library/Developer/Xcode/DerivedData/SOGAN-afvumtezccrqgdcutgqwctlpryht/Build/Intermediates.noindex/SOGAN.build/Debug-iphonesimulator/SOGAN.build/SOGAN.app-Simulated.xcent -o /Users/igasakigouta/Library/Developer/Xcode/DerivedData/SOGAN-afvumtezccrqgdcutgqwctlpryht/Build/Intermediates.noindex/SOGAN.build/Debug-iphonesimulator/SOGAN.build/SOGAN.app-Simulated.xcent.der --raw

Ld /Users/igasakigouta/Library/Developer/Xcode/DerivedData/SOGAN-afvumtezccrqgdcutgqwctlpryht/Build/Products/Debug-iphonesimulator/SOGAN.app/__preview.dylib normal (in target 'SOGAN' from project 'SOGAN')
    cd /Users/igasakigouta/Desktop/compleat/NEW＿完成させるよ/SOGAN
    /Applications/Xcode.app/Contents/Developer/Toolchains/XcodeDefault.xctoolchain/usr/bin/clang -Xlinker -reproducible -target arm64-apple-ios18.5-simulator -dynamiclib -isysroot /Applications/Xcode.app/Contents/Developer/Platforms/iPhoneSimulator.platform/Developer/SDKs/iPhoneSimulator18.5.sdk -O0 -L/Users/igasakigouta/Library/Developer/Xcode/DerivedData/SOGAN-afvumtezccrqgdcutgqwctlpryht/Build/Products/Debug-iphonesimulator -F/Users/igasakigouta/Library/Developer/Xcode/DerivedData/SOGAN-afvumtezccrqgdcutgqwctlpryht/Build/Products/Debug-iphonesimulator -install_name @rpath/SOGAN.debug.dylib -dead_strip -rdynamic -Xlinker -no_deduplicate -Xlinker -objc_abi_version -Xlinker 2 -Xlinker -debug_variant -Xlinker -dependency_info -Xlinker /Users/igasakigouta/Library/Developer/Xcode/DerivedData/SOGAN-afvumtezccrqgdcutgqwctlpryht/Build/Intermediates.noindex/SOGAN.build/Debug-iphonesimulator/SOGAN.build/Objects-normal/arm64/SOGAN_dependency_info.dat -Xlinker -sectcreate -Xlinker __TEXT -Xlinker __entitlements -Xlinker /Users/igasakigouta/Library/Developer/Xcode/DerivedData/SOGAN-afvumtezccrqgdcutgqwctlpryht/Build/Intermediates.noindex/SOGAN.build/Debug-iphonesimulator/SOGAN.build/SOGAN.app-Simulated.xcent -Xlinker -sectcreate -Xlinker __TEXT -Xlinker __ents_der -Xlinker /Users/igasakigouta/Library/Developer/Xcode/DerivedData/SOGAN-afvumtezccrqgdcutgqwctlpryht/Build/Intermediates.noindex/SOGAN.build/Debug-iphonesimulator/SOGAN.build/SOGAN.app-Simulated.xcent.der -Xlinker -no_adhoc_codesign -o /Users/igasakigouta/Library/Developer/Xcode/DerivedData/SOGAN-afvumtezccrqgdcutgqwctlpryht/Build/Products/Debug-iphonesimulator/SOGAN.app/__preview.dylib

MkDir /Users/igasakigouta/Library/Developer/Xcode/DerivedData/SOGAN-afvumtezccrqgdcutgqwctlpryht/Build/Intermediates.noindex/SOGAN.build/Debug-iphonesimulator/SOGAN.build/assetcatalog_output/unthinned (in target 'SOGAN' from project 'SOGAN')
    cd /Users/igasakigouta/Desktop/compleat/NEW＿完成させるよ/SOGAN
    /bin/mkdir -p /Users/igasakigouta/Library/Developer/Xcode/DerivedData/SOGAN-afvumtezccrqgdcutgqwctlpryht/Build/Intermediates.noindex/SOGAN.build/Debug-iphonesimulator/SOGAN.build/assetcatalog_output/unthinned

MkDir /Users/igasakigouta/Library/Developer/Xcode/DerivedData/SOGAN-afvumtezccrqgdcutgqwctlpryht/Build/Intermediates.noindex/SOGAN.build/Debug-iphonesimulator/SOGAN.build/assetcatalog_output/thinned (in target 'SOGAN' from project 'SOGAN')
    cd /Users/igasakigouta/Desktop/compleat/NEW＿完成させるよ/SOGAN
    /bin/mkdir -p /Users/igasakigouta/Library/Developer/Xcode/DerivedData/SOGAN-afvumtezccrqgdcutgqwctlpryht/Build/Intermediates.noindex/SOGAN.build/Debug-iphonesimulator/SOGAN.build/assetcatalog_output/thinned

CpResource /Users/igasakigouta/Library/Developer/Xcode/DerivedData/SOGAN-afvumtezccrqgdcutgqwctlpryht/Build/Products/Debug-iphonesimulator/SOGAN.app/Info.plist.backup /Users/igasakigouta/Desktop/compleat/NEW＿完成させるよ/SOGAN/SOGAN/Info.plist.backup (in target 'SOGAN' from project 'SOGAN')
    cd /Users/igasakigouta/Desktop/compleat/NEW＿完成させるよ/SOGAN
    builtin-copy -exclude .DS_Store -exclude CVS -exclude .svn -exclude .git -exclude .hg -resolve-src-symlinks /Users/igasakigouta/Desktop/compleat/NEW＿完成させるよ/SOGAN/SOGAN/Info.plist.backup /Users/igasakigouta/Library/Developer/Xcode/DerivedData/SOGAN-afvumtezccrqgdcutgqwctlpryht/Build/Products/Debug-iphonesimulator/SOGAN.app

GenerateAssetSymbols /Users/igasakigouta/Desktop/compleat/NEW＿完成させるよ/SOGAN/SOGAN/Assets.xcassets (in target 'SOGAN' from project 'SOGAN')
    cd /Users/igasakigouta/Desktop/compleat/NEW＿完成させるよ/SOGAN
    /Applications/Xcode.app/Contents/Developer/usr/bin/actool /Users/igasakigouta/Desktop/compleat/NEW＿完成させるよ/SOGAN/SOGAN/Assets.xcassets --compile /Users/igasakigouta/Library/Developer/Xcode/DerivedData/SOGAN-afvumtezccrqgdcutgqwctlpryht/Build/Products/Debug-iphonesimulator/SOGAN.app --output-format human-readable-text --notices --warnings --export-dependency-info /Users/igasakigouta/Library/Developer/Xcode/DerivedData/SOGAN-afvumtezccrqgdcutgqwctlpryht/Build/Intermediates.noindex/SOGAN.build/Debug-iphonesimulator/SOGAN.build/assetcatalog_dependencies --output-partial-info-plist /Users/igasakigouta/Library/Developer/Xcode/DerivedData/SOGAN-afvumtezccrqgdcutgqwctlpryht/Build/Intermediates.noindex/SOGAN.build/Debug-iphonesimulator/SOGAN.build/assetcatalog_generated_info.plist --app-icon AppIcon --accent-color AccentColor --compress-pngs --enable-on-demand-resources YES --development-region en --target-device iphone --target-device ipad --minimum-deployment-target 18.5 --platform iphonesimulator --bundle-identifier com.igafactory.SOGAN --generate-swift-asset-symbols /Users/igasakigouta/Library/Developer/Xcode/DerivedData/SOGAN-afvumtezccrqgdcutgqwctlpryht/Build/Intermediates.noindex/SOGAN.build/Debug-iphonesimulator/SOGAN.build/DerivedSources/GeneratedAssetSymbols.swift --generate-objc-asset-symbols /Users/igasakigouta/Library/Developer/Xcode/DerivedData/SOGAN-afvumtezccrqgdcutgqwctlpryht/Build/Intermediates.noindex/SOGAN.build/Debug-iphonesimulator/SOGAN.build/DerivedSources/GeneratedAssetSymbols.h --generate-asset-symbol-index /Users/igasakigouta/Library/Developer/Xcode/DerivedData/SOGAN-afvumtezccrqgdcutgqwctlpryht/Build/Intermediates.noindex/SOGAN.build/Debug-iphonesimulator/SOGAN.build/DerivedSources/GeneratedAssetSymbols-Index.plist
/* com.apple.actool.compilation-results */
/Users/igasakigouta/Library/Developer/Xcode/DerivedData/SOGAN-afvumtezccrqgdcutgqwctlpryht/Build/Intermediates.noindex/SOGAN.build/Debug-iphonesimulator/SOGAN.build/DerivedSources/GeneratedAssetSymbols-Index.plist
/Users/igasakigouta/Library/Developer/Xcode/DerivedData/SOGAN-afvumtezccrqgdcutgqwctlpryht/Build/Intermediates.noindex/SOGAN.build/Debug-iphonesimulator/SOGAN.build/DerivedSources/GeneratedAssetSymbols.h
/Users/igasakigouta/Library/Developer/Xcode/DerivedData/SOGAN-afvumtezccrqgdcutgqwctlpryht/Build/Intermediates.noindex/SOGAN.build/Debug-iphonesimulator/SOGAN.build/DerivedSources/GeneratedAssetSymbols.swift


CompileAssetCatalogVariant thinned /Users/igasakigouta/Library/Developer/Xcode/DerivedData/SOGAN-afvumtezccrqgdcutgqwctlpryht/Build/Products/Debug-iphonesimulator/SOGAN.app /Users/igasakigouta/Desktop/compleat/NEW＿完成させるよ/SOGAN/SOGAN/Assets.xcassets (in target 'SOGAN' from project 'SOGAN')
    cd /Users/igasakigouta/Desktop/compleat/NEW＿完成させるよ/SOGAN
    /Applications/Xcode.app/Contents/Developer/usr/bin/actool /Users/igasakigouta/Desktop/compleat/NEW＿完成させるよ/SOGAN/SOGAN/Assets.xcassets --compile /Users/igasakigouta/Library/Developer/Xcode/DerivedData/SOGAN-afvumtezccrqgdcutgqwctlpryht/Build/Intermediates.noindex/SOGAN.build/Debug-iphonesimulator/SOGAN.build/assetcatalog_output/thinned --output-format human-readable-text --notices --warnings --export-dependency-info /Users/igasakigouta/Library/Developer/Xcode/DerivedData/SOGAN-afvumtezccrqgdcutgqwctlpryht/Build/Intermediates.noindex/SOGAN.build/Debug-iphonesimulator/SOGAN.build/assetcatalog_dependencies_thinned --output-partial-info-plist /Users/igasakigouta/Library/Developer/Xcode/DerivedData/SOGAN-afvumtezccrqgdcutgqwctlpryht/Build/Intermediates.noindex/SOGAN.build/Debug-iphonesimulator/SOGAN.build/assetcatalog_generated_info.plist_thinned --app-icon AppIcon --accent-color AccentColor --compress-pngs --enable-on-demand-resources YES --filter-for-thinning-device-configuration iPhone17,3 --filter-for-device-os-version 18.5 --development-region en --target-device iphone --target-device ipad --minimum-deployment-target 18.5 --platform iphonesimulator
/* com.apple.actool.compilation-results */
/Users/igasakigouta/Library/Developer/Xcode/DerivedData/SOGAN-afvumtezccrqgdcutgqwctlpryht/Build/Intermediates.noindex/SOGAN.build/Debug-iphonesimulator/SOGAN.build/assetcatalog_generated_info.plist_thinned
/Users/igasakigouta/Library/Developer/Xcode/DerivedData/SOGAN-afvumtezccrqgdcutgqwctlpryht/Build/Intermediates.noindex/SOGAN.build/Debug-iphonesimulator/SOGAN.build/assetcatalog_output/thinned/AppIcon60x60@2x.png
/Users/igasakigouta/Library/Developer/Xcode/DerivedData/SOGAN-afvumtezccrqgdcutgqwctlpryht/Build/Intermediates.noindex/SOGAN.build/Debug-iphonesimulator/SOGAN.build/assetcatalog_output/thinned/AppIcon76x76@2x~ipad.png
/Users/igasakigouta/Library/Developer/Xcode/DerivedData/SOGAN-afvumtezccrqgdcutgqwctlpryht/Build/Intermediates.noindex/SOGAN.build/Debug-iphonesimulator/SOGAN.build/assetcatalog_output/thinned/Assets.car


SwiftDriver SOGAN normal arm64 com.apple.xcode.tools.swift.compiler (in target 'SOGAN' from project 'SOGAN')
    cd /Users/igasakigouta/Desktop/compleat/NEW＿完成させるよ/SOGAN
    builtin-SwiftDriver -- /Applications/Xcode.app/Contents/Developer/Toolchains/XcodeDefault.xctoolchain/usr/bin/swiftc -module-name SOGAN -Onone -enforce-exclusivity\=checked @/Users/igasakigouta/Library/Developer/Xcode/DerivedData/SOGAN-afvumtezccrqgdcutgqwctlpryht/Build/Intermediates.noindex/SOGAN.build/Debug-iphonesimulator/SOGAN.build/Objects-normal/arm64/SOGAN.SwiftFileList -DDEBUG -enable-bare-slash-regex -enable-experimental-feature DebugDescriptionMacro -sdk /Applications/Xcode.app/Contents/Developer/Platforms/iPhoneSimulator.platform/Developer/SDKs/iPhoneSimulator18.5.sdk -target arm64-apple-ios18.5-simulator -g -module-cache-path /Users/igasakigouta/Library/Developer/Xcode/DerivedData/ModuleCache.noindex -Xfrontend -serialize-debugging-options -profile-coverage-mapping -profile-generate -enable-testing -index-store-path /Users/igasakigouta/Library/Developer/Xcode/DerivedData/SOGAN-afvumtezccrqgdcutgqwctlpryht/Index.noindex/DataStore -swift-version 5 -I /Users/igasakigouta/Library/Developer/Xcode/DerivedData/SOGAN-afvumtezccrqgdcutgqwctlpryht/Build/Products/Debug-iphonesimulator -F /Users/igasakigouta/Library/Developer/Xcode/DerivedData/SOGAN-afvumtezccrqgdcutgqwctlpryht/Build/Products/Debug-iphonesimulator -emit-localized-strings -emit-localized-strings-path /Users/igasakigouta/Library/Developer/Xcode/DerivedData/SOGAN-afvumtezccrqgdcutgqwctlpryht/Build/Intermediates.noindex/SOGAN.build/Debug-iphonesimulator/SOGAN.build/Objects-normal/arm64 -c -j10 -enable-batch-mode -incremental -Xcc -ivfsstatcache -Xcc /Users/igasakigouta/Library/Developer/Xcode/DerivedData/SDKStatCaches.noindex/iphonesimulator18.5-22F76-d5fc8ad4295d2ef488fb7d0f804ce0c4.sdkstatcache -output-file-map /Users/igasakigouta/Library/Developer/Xcode/DerivedData/SOGAN-afvumtezccrqgdcutgqwctlpryht/Build/Intermediates.noindex/SOGAN.build/Debug-iphonesimulator/SOGAN.build/Objects-normal/arm64/SOGAN-OutputFileMap.json -use-frontend-parseable-output -save-temps -no-color-diagnostics -serialize-diagnostics -emit-dependencies -emit-module -emit-module-path /Users/igasakigouta/Library/Developer/Xcode/DerivedData/SOGAN-afvumtezccrqgdcutgqwctlpryht/Build/Intermediates.noindex/SOGAN.build/Debug-iphonesimulator/SOGAN.build/Objects-normal/arm64/SOGAN.swiftmodule -validate-clang-modules-once -clang-build-session-file /Users/igasakigouta/Library/Developer/Xcode/DerivedData/ModuleCache.noindex/Session.modulevalidation -Xcc -I/Users/igasakigouta/Library/Developer/Xcode/DerivedData/SOGAN-afvumtezccrqgdcutgqwctlpryht/Build/Intermediates.noindex/SOGAN.build/Debug-iphonesimulator/SOGAN.build/swift-overrides.hmap -emit-const-values -Xfrontend -const-gather-protocols-file -Xfrontend /Users/igasakigouta/Library/Developer/Xcode/DerivedData/SOGAN-afvumtezccrqgdcutgqwctlpryht/Build/Intermediates.noindex/SOGAN.build/Debug-iphonesimulator/SOGAN.build/Objects-normal/arm64/SOGAN_const_extract_protocols.json -Xcc -iquote -Xcc /Users/igasakigouta/Library/Developer/Xcode/DerivedData/SOGAN-afvumtezccrqgdcutgqwctlpryht/Build/Intermediates.noindex/SOGAN.build/Debug-iphonesimulator/SOGAN.build/SOGAN-generated-files.hmap -Xcc -I/Users/igasakigouta/Library/Developer/Xcode/DerivedData/SOGAN-afvumtezccrqgdcutgqwctlpryht/Build/Intermediates.noindex/SOGAN.build/Debug-iphonesimulator/SOGAN.build/SOGAN-own-target-headers.hmap -Xcc -I/Users/igasakigouta/Library/Developer/Xcode/DerivedData/SOGAN-afvumtezccrqgdcutgqwctlpryht/Build/Intermediates.noindex/SOGAN.build/Debug-iphonesimulator/SOGAN.build/SOGAN-all-target-headers.hmap -Xcc -iquote -Xcc /Users/igasakigouta/Library/Developer/Xcode/DerivedData/SOGAN-afvumtezccrqgdcutgqwctlpryht/Build/Intermediates.noindex/SOGAN.build/Debug-iphonesimulator/SOGAN.build/SOGAN-project-headers.hmap -Xcc -I/Users/igasakigouta/Library/Developer/Xcode/DerivedData/SOGAN-afvumtezccrqgdcutgqwctlpryht/Build/Products/Debug-iphonesimulator/include -Xcc -I/Users/igasakigouta/Library/Developer/Xcode/DerivedData/SOGAN-afvumtezccrqgdcutgqwctlpryht/Build/Intermediates.noindex/SOGAN.build/Debug-iphonesimulator/SOGAN.build/DerivedSources-normal/arm64 -Xcc -I/Users/igasakigouta/Library/Developer/Xcode/DerivedData/SOGAN-afvumtezccrqgdcutgqwctlpryht/Build/Intermediates.noindex/SOGAN.build/Debug-iphonesimulator/SOGAN.build/DerivedSources/arm64 -Xcc -I/Users/igasakigouta/Library/Developer/Xcode/DerivedData/SOGAN-afvumtezccrqgdcutgqwctlpryht/Build/Intermediates.noindex/SOGAN.build/Debug-iphonesimulator/SOGAN.build/DerivedSources -Xcc -DDEBUG\=1 -emit-objc-header -emit-objc-header-path /Users/igasakigouta/Library/Developer/Xcode/DerivedData/SOGAN-afvumtezccrqgdcutgqwctlpryht/Build/Intermediates.noindex/SOGAN.build/Debug-iphonesimulator/SOGAN.build/Objects-normal/arm64/SOGAN-Swift.h -working-directory /Users/igasakigouta/Desktop/compleat/NEW＿完成させるよ/SOGAN -experimental-emit-module-separately -disable-cmo

SwiftCompile normal arm64 Compiling\ DiagnosisResultView.swift,\ Models.swift /Users/igasakigouta/Desktop/compleat/NEW＿完成させるよ/SOGAN/SOGAN/DiagnosisResultView.swift /Users/igasakigouta/Desktop/compleat/NEW＿完成させるよ/SOGAN/SOGAN/Models.swift (in target 'SOGAN' from project 'SOGAN')
SwiftCompile normal arm64 /Users/igasakigouta/Desktop/compleat/NEW＿完成させるよ/SOGAN/SOGAN/DiagnosisResultView.swift (in target 'SOGAN' from project 'SOGAN')
    cd /Users/igasakigouta/Desktop/compleat/NEW＿完成させるよ/SOGAN
    

SwiftCompile normal arm64 /Users/igasakigouta/Desktop/compleat/NEW＿完成させるよ/SOGAN/SOGAN/Models.swift (in target 'SOGAN' from project 'SOGAN')
    cd /Users/igasakigouta/Desktop/compleat/NEW＿完成させるよ/SOGAN
    

SwiftCompile normal arm64 Compiling\ DiamondManager.swift,\ ContentView.swift /Users/igasakigouta/Desktop/compleat/NEW＿完成させるよ/SOGAN/SOGAN/DiamondManager.swift /Users/igasakigouta/Desktop/compleat/NEW＿完成させるよ/SOGAN/SOGAN/ContentView.swift (in target 'SOGAN' from project 'SOGAN')

SwiftCompile normal arm64 /Users/igasakigouta/Desktop/compleat/NEW＿完成させるよ/SOGAN/SOGAN/DiamondManager.swift (in target 'SOGAN' from project 'SOGAN')
    cd /Users/igasakigouta/Desktop/compleat/NEW＿完成させるよ/SOGAN
    

SwiftCompile normal arm64 /Users/igasakigouta/Desktop/compleat/NEW＿完成させるよ/SOGAN/SOGAN/ContentView.swift (in target 'SOGAN' from project 'SOGAN')
    cd /Users/igasakigouta/Desktop/compleat/NEW＿完成させるよ/SOGAN
    

SwiftCompile normal arm64 Compiling\ PurchaseManager.swift,\ DiagnosisView.swift /Users/igasakigouta/Desktop/compleat/NEW＿完成させるよ/SOGAN/SOGAN/PurchaseManager.swift /Users/igasakigouta/Desktop/compleat/NEW＿完成させるよ/SOGAN/SOGAN/DiagnosisView.swift (in target 'SOGAN' from project 'SOGAN')

SwiftCompile normal arm64 /Users/igasakigouta/Desktop/compleat/NEW＿完成させるよ/SOGAN/SOGAN/PurchaseManager.swift (in target 'SOGAN' from project 'SOGAN')
    cd /Users/igasakigouta/Desktop/compleat/NEW＿完成させるよ/SOGAN
    

SwiftCompile normal arm64 /Users/igasakigouta/Desktop/compleat/NEW＿完成させるよ/SOGAN/SOGAN/DiagnosisView.swift (in target 'SOGAN' from project 'SOGAN')
    cd /Users/igasakigouta/Desktop/compleat/NEW＿完成させるよ/SOGAN
    

SwiftCompile normal arm64 Compiling\ DataManager.swift,\ PurchaseView.swift /Users/igasakigouta/Desktop/compleat/NEW＿完成させるよ/SOGAN/SOGAN/DataManager.swift /Users/igasakigouta/Desktop/compleat/NEW＿完成させるよ/SOGAN/SOGAN/PurchaseView.swift (in target 'SOGAN' from project 'SOGAN')

SwiftCompile normal arm64 /Users/igasakigouta/Desktop/compleat/NEW＿完成させるよ/SOGAN/SOGAN/DataManager.swift (in target 'SOGAN' from project 'SOGAN')
    cd /Users/igasakigouta/Desktop/compleat/NEW＿完成させるよ/SOGAN
    
/Users/igasakigouta/Desktop/compleat/NEW＿完成させるよ/SOGAN/SOGAN/DataManager.swift:183:25: warning: initialization of immutable value 'analysis' was never used; consider replacing with assignment to '_' or removing it
                    let analysis = loaded[i].faceAnalysis
                    ~~~~^~~~~~~~
                    _

SwiftCompile normal arm64 /Users/igasakigouta/Desktop/compleat/NEW＿完成させるよ/SOGAN/SOGAN/PurchaseView.swift (in target 'SOGAN' from project 'SOGAN')
    cd /Users/igasakigouta/Desktop/compleat/NEW＿完成させるよ/SOGAN
    

SwiftCompile normal arm64 Compiling\ HistoryView.swift,\ DiamondPurchaseView.swift /Users/igasakigouta/Desktop/compleat/NEW＿完成させるよ/SOGAN/SOGAN/HistoryView.swift /Users/igasakigouta/Desktop/compleat/NEW＿完成させるよ/SOGAN/SOGAN/DiamondPurchaseView.swift (in target 'SOGAN' from project 'SOGAN')

SwiftCompile normal arm64 /Users/igasakigouta/Desktop/compleat/NEW＿完成させるよ/SOGAN/SOGAN/HistoryView.swift (in target 'SOGAN' from project 'SOGAN')
    cd /Users/igasakigouta/Desktop/compleat/NEW＿完成させるよ/SOGAN
    

SwiftCompile normal arm64 /Users/igasakigouta/Desktop/compleat/NEW＿完成させるよ/SOGAN/SOGAN/DiamondPurchaseView.swift (in target 'SOGAN' from project 'SOGAN')
    cd /Users/igasakigouta/Desktop/compleat/NEW＿完成させるよ/SOGAN
    

SwiftCompile normal arm64 Compiling\ SettingsView.swift,\ ImagePicker.swift /Users/igasakigouta/Desktop/compleat/NEW＿完成させるよ/SOGAN/SOGAN/SettingsView.swift /Users/igasakigouta/Desktop/compleat/NEW＿完成させるよ/SOGAN/SOGAN/ImagePicker.swift (in target 'SOGAN' from project 'SOGAN')

SwiftCompile normal arm64 /Users/igasakigouta/Desktop/compleat/NEW＿完成させるよ/SOGAN/SOGAN/SettingsView.swift (in target 'SOGAN' from project 'SOGAN')
    cd /Users/igasakigouta/Desktop/compleat/NEW＿完成させるよ/SOGAN
    

SwiftCompile normal arm64 /Users/igasakigouta/Desktop/compleat/NEW＿完成させるよ/SOGAN/SOGAN/ImagePicker.swift (in target 'SOGAN' from project 'SOGAN')
    cd /Users/igasakigouta/Desktop/compleat/NEW＿完成させるよ/SOGAN
    

SwiftCompile normal arm64 Compiling\ GeneratedAssetSymbols.swift /Users/igasakigouta/Library/Developer/Xcode/DerivedData/SOGAN-afvumtezccrqgdcutgqwctlpryht/Build/Intermediates.noindex/SOGAN.build/Debug-iphonesimulator/SOGAN.build/DerivedSources/GeneratedAssetSymbols.swift (in target 'SOGAN' from project 'SOGAN')

SwiftCompile normal arm64 /Users/igasakigouta/Library/Developer/Xcode/DerivedData/SOGAN-afvumtezccrqgdcutgqwctlpryht/Build/Intermediates.noindex/SOGAN.build/Debug-iphonesimulator/SOGAN.build/DerivedSources/GeneratedAssetSymbols.swift (in target 'SOGAN' from project 'SOGAN')
    cd /Users/igasakigouta/Desktop/compleat/NEW＿完成させるよ/SOGAN
    

SwiftEmitModule normal arm64 Emitting\ module\ for\ SOGAN (in target 'SOGAN' from project 'SOGAN')

EmitSwiftModule normal arm64 (in target 'SOGAN' from project 'SOGAN')
    cd /Users/igasakigouta/Desktop/compleat/NEW＿完成させるよ/SOGAN
    

SwiftCompile normal arm64 Compiling\ UserManagementView.swift,\ LegalDocumentsView.swift /Users/igasakigouta/Desktop/compleat/NEW＿完成させるよ/SOGAN/SOGAN/UserManagementView.swift /Users/igasakigouta/Desktop/compleat/NEW＿完成させるよ/SOGAN/SOGAN/LegalDocumentsView.swift (in target 'SOGAN' from project 'SOGAN')

SwiftCompile normal arm64 /Users/igasakigouta/Desktop/compleat/NEW＿完成させるよ/SOGAN/SOGAN/UserManagementView.swift (in target 'SOGAN' from project 'SOGAN')
    cd /Users/igasakigouta/Desktop/compleat/NEW＿完成させるよ/SOGAN
    

SwiftCompile normal arm64 /Users/igasakigouta/Desktop/compleat/NEW＿完成させるよ/SOGAN/SOGAN/LegalDocumentsView.swift (in target 'SOGAN' from project 'SOGAN')
    cd /Users/igasakigouta/Desktop/compleat/NEW＿完成させるよ/SOGAN
    

SwiftCompile normal arm64 Compiling\ CameraView.swift,\ SOGANApp.swift /Users/igasakigouta/Desktop/compleat/NEW＿完成させるよ/SOGAN/SOGAN/CameraView.swift /Users/igasakigouta/Desktop/compleat/NEW＿完成させるよ/SOGAN/SOGAN/SOGANApp.swift (in target 'SOGAN' from project 'SOGAN')

SwiftCompile normal arm64 /Users/igasakigouta/Desktop/compleat/NEW＿完成させるよ/SOGAN/SOGAN/CameraView.swift (in target 'SOGAN' from project 'SOGAN')
    cd /Users/igasakigouta/Desktop/compleat/NEW＿完成させるよ/SOGAN
    
/Users/igasakigouta/Desktop/compleat/NEW＿完成させるよ/SOGAN/SOGAN/CameraView.swift:229:27: warning: 'isVideoOrientationSupported' was deprecated in iOS 17.0: Use -isVideoRotationAngleSupported: instead
            if connection.isVideoOrientationSupported {
                          ^
/Users/igasakigouta/Desktop/compleat/NEW＿完成させるよ/SOGAN/SOGAN/CameraView.swift:230:28: warning: 'videoOrientation' was deprecated in iOS 17.0: Use -videoRotationAngle instead
                connection.videoOrientation = .portrait
                           ^

SwiftCompile normal arm64 /Users/igasakigouta/Desktop/compleat/NEW＿完成させるよ/SOGAN/SOGAN/SOGANApp.swift (in target 'SOGAN' from project 'SOGAN')
    cd /Users/igasakigouta/Desktop/compleat/NEW＿完成させるよ/SOGAN
    

SwiftDriverJobDiscovery normal arm64 Compiling GeneratedAssetSymbols.swift (in target 'SOGAN' from project 'SOGAN')

SwiftCompile normal arm64 Compiling\ AdviceView.swift,\ SplashView.swift /Users/igasakigouta/Desktop/compleat/NEW＿完成させるよ/SOGAN/SOGAN/AdviceView.swift /Users/igasakigouta/Desktop/compleat/NEW＿完成させるよ/SOGAN/SOGAN/SplashView.swift (in target 'SOGAN' from project 'SOGAN')

SwiftCompile normal arm64 /Users/igasakigouta/Desktop/compleat/NEW＿完成させるよ/SOGAN/SOGAN/AdviceView.swift (in target 'SOGAN' from project 'SOGAN')
    cd /Users/igasakigouta/Desktop/compleat/NEW＿完成させるよ/SOGAN
    

SwiftCompile normal arm64 /Users/igasakigouta/Desktop/compleat/NEW＿完成させるよ/SOGAN/SOGAN/SplashView.swift (in target 'SOGAN' from project 'SOGAN')
    cd /Users/igasakigouta/Desktop/compleat/NEW＿完成させるよ/SOGAN
    

SwiftDriverJobDiscovery normal arm64 Compiling DataManager.swift, PurchaseView.swift (in target 'SOGAN' from project 'SOGAN')

SwiftDriverJobDiscovery normal arm64 Emitting module for SOGAN (in target 'SOGAN' from project 'SOGAN')

SwiftDriver\ Compilation\ Requirements SOGAN normal arm64 com.apple.xcode.tools.swift.compiler (in target 'SOGAN' from project 'SOGAN')
    cd /Users/igasakigouta/Desktop/compleat/NEW＿完成させるよ/SOGAN
    builtin-Swift-Compilation-Requirements -- /Applications/Xcode.app/Contents/Developer/Toolchains/XcodeDefault.xctoolchain/usr/bin/swiftc -module-name SOGAN -Onone -enforce-exclusivity\=checked @/Users/igasakigouta/Library/Developer/Xcode/DerivedData/SOGAN-afvumtezccrqgdcutgqwctlpryht/Build/Intermediates.noindex/SOGAN.build/Debug-iphonesimulator/SOGAN.build/Objects-normal/arm64/SOGAN.SwiftFileList -DDEBUG -enable-bare-slash-regex -enable-experimental-feature DebugDescriptionMacro -sdk /Applications/Xcode.app/Contents/Developer/Platforms/iPhoneSimulator.platform/Developer/SDKs/iPhoneSimulator18.5.sdk -target arm64-apple-ios18.5-simulator -g -module-cache-path /Users/igasakigouta/Library/Developer/Xcode/DerivedData/ModuleCache.noindex -Xfrontend -serialize-debugging-options -profile-coverage-mapping -profile-generate -enable-testing -index-store-path /Users/igasakigouta/Library/Developer/Xcode/DerivedData/SOGAN-afvumtezccrqgdcutgqwctlpryht/Index.noindex/DataStore -swift-version 5 -I /Users/igasakigouta/Library/Developer/Xcode/DerivedData/SOGAN-afvumtezccrqgdcutgqwctlpryht/Build/Products/Debug-iphonesimulator -F /Users/igasakigouta/Library/Developer/Xcode/DerivedData/SOGAN-afvumtezccrqgdcutgqwctlpryht/Build/Products/Debug-iphonesimulator -emit-localized-strings -emit-localized-strings-path /Users/igasakigouta/Library/Developer/Xcode/DerivedData/SOGAN-afvumtezccrqgdcutgqwctlpryht/Build/Intermediates.noindex/SOGAN.build/Debug-iphonesimulator/SOGAN.build/Objects-normal/arm64 -c -j10 -enable-batch-mode -incremental -Xcc -ivfsstatcache -Xcc /Users/igasakigouta/Library/Developer/Xcode/DerivedData/SDKStatCaches.noindex/iphonesimulator18.5-22F76-d5fc8ad4295d2ef488fb7d0f804ce0c4.sdkstatcache -output-file-map /Users/igasakigouta/Library/Developer/Xcode/DerivedData/SOGAN-afvumtezccrqgdcutgqwctlpryht/Build/Intermediates.noindex/SOGAN.build/Debug-iphonesimulator/SOGAN.build/Objects-normal/arm64/SOGAN-OutputFileMap.json -use-frontend-parseable-output -save-temps -no-color-diagnostics -serialize-diagnostics -emit-dependencies -emit-module -emit-module-path /Users/igasakigouta/Library/Developer/Xcode/DerivedData/SOGAN-afvumtezccrqgdcutgqwctlpryht/Build/Intermediates.noindex/SOGAN.build/Debug-iphonesimulator/SOGAN.build/Objects-normal/arm64/SOGAN.swiftmodule -validate-clang-modules-once -clang-build-session-file /Users/igasakigouta/Library/Developer/Xcode/DerivedData/ModuleCache.noindex/Session.modulevalidation -Xcc -I/Users/igasakigouta/Library/Developer/Xcode/DerivedData/SOGAN-afvumtezccrqgdcutgqwctlpryht/Build/Intermediates.noindex/SOGAN.build/Debug-iphonesimulator/SOGAN.build/swift-overrides.hmap -emit-const-values -Xfrontend -const-gather-protocols-file -Xfrontend /Users/igasakigouta/Library/Developer/Xcode/DerivedData/SOGAN-afvumtezccrqgdcutgqwctlpryht/Build/Intermediates.noindex/SOGAN.build/Debug-iphonesimulator/SOGAN.build/Objects-normal/arm64/SOGAN_const_extract_protocols.json -Xcc -iquote -Xcc /Users/igasakigouta/Library/Developer/Xcode/DerivedData/SOGAN-afvumtezccrqgdcutgqwctlpryht/Build/Intermediates.noindex/SOGAN.build/Debug-iphonesimulator/SOGAN.build/SOGAN-generated-files.hmap -Xcc -I/Users/igasakigouta/Library/Developer/Xcode/DerivedData/SOGAN-afvumtezccrqgdcutgqwctlpryht/Build/Intermediates.noindex/SOGAN.build/Debug-iphonesimulator/SOGAN.build/SOGAN-own-target-headers.hmap -Xcc -I/Users/igasakigouta/Library/Developer/Xcode/DerivedData/SOGAN-afvumtezccrqgdcutgqwctlpryht/Build/Intermediates.noindex/SOGAN.build/Debug-iphonesimulator/SOGAN.build/SOGAN-all-target-headers.hmap -Xcc -iquote -Xcc /Users/igasakigouta/Library/Developer/Xcode/DerivedData/SOGAN-afvumtezccrqgdcutgqwctlpryht/Build/Intermediates.noindex/SOGAN.build/Debug-iphonesimulator/SOGAN.build/SOGAN-project-headers.hmap -Xcc -I/Users/igasakigouta/Library/Developer/Xcode/DerivedData/SOGAN-afvumtezccrqgdcutgqwctlpryht/Build/Products/Debug-iphonesimulator/include -Xcc -I/Users/igasakigouta/Library/Developer/Xcode/DerivedData/SOGAN-afvumtezccrqgdcutgqwctlpryht/Build/Intermediates.noindex/SOGAN.build/Debug-iphonesimulator/SOGAN.build/DerivedSources-normal/arm64 -Xcc -I/Users/igasakigouta/Library/Developer/Xcode/DerivedData/SOGAN-afvumtezccrqgdcutgqwctlpryht/Build/Intermediates.noindex/SOGAN.build/Debug-iphonesimulator/SOGAN.build/DerivedSources/arm64 -Xcc -I/Users/igasakigouta/Library/Developer/Xcode/DerivedData/SOGAN-afvumtezccrqgdcutgqwctlpryht/Build/Intermediates.noindex/SOGAN.build/Debug-iphonesimulator/SOGAN.build/DerivedSources -Xcc -DDEBUG\=1 -emit-objc-header -emit-objc-header-path /Users/igasakigouta/Library/Developer/Xcode/DerivedData/SOGAN-afvumtezccrqgdcutgqwctlpryht/Build/Intermediates.noindex/SOGAN.build/Debug-iphonesimulator/SOGAN.build/Objects-normal/arm64/SOGAN-Swift.h -working-directory /Users/igasakigouta/Desktop/compleat/NEW＿完成させるよ/SOGAN -experimental-emit-module-separately -disable-cmo

SwiftMergeGeneratedHeaders /Users/igasakigouta/Library/Developer/Xcode/DerivedData/SOGAN-afvumtezccrqgdcutgqwctlpryht/Build/Intermediates.noindex/SOGAN.build/Debug-iphonesimulator/SOGAN.build/DerivedSources/SOGAN-Swift.h /Users/igasakigouta/Library/Developer/Xcode/DerivedData/SOGAN-afvumtezccrqgdcutgqwctlpryht/Build/Intermediates.noindex/SOGAN.build/Debug-iphonesimulator/SOGAN.build/Objects-normal/arm64/SOGAN-Swift.h (in target 'SOGAN' from project 'SOGAN')
    cd /Users/igasakigouta/Desktop/compleat/NEW＿完成させるよ/SOGAN
    builtin-swiftHeaderTool -arch arm64 /Users/igasakigouta/Library/Developer/Xcode/DerivedData/SOGAN-afvumtezccrqgdcutgqwctlpryht/Build/Intermediates.noindex/SOGAN.build/Debug-iphonesimulator/SOGAN.build/Objects-normal/arm64/SOGAN-Swift.h -o /Users/igasakigouta/Library/Developer/Xcode/DerivedData/SOGAN-afvumtezccrqgdcutgqwctlpryht/Build/Intermediates.noindex/SOGAN.build/Debug-iphonesimulator/SOGAN.build/DerivedSources/SOGAN-Swift.h

Copy /Users/igasakigouta/Library/Developer/Xcode/DerivedData/SOGAN-afvumtezccrqgdcutgqwctlpryht/Build/Products/Debug-iphonesimulator/SOGAN.swiftmodule/arm64-apple-ios-simulator.swiftmodule /Users/igasakigouta/Library/Developer/Xcode/DerivedData/SOGAN-afvumtezccrqgdcutgqwctlpryht/Build/Intermediates.noindex/SOGAN.build/Debug-iphonesimulator/SOGAN.build/Objects-normal/arm64/SOGAN.swiftmodule (in target 'SOGAN' from project 'SOGAN')
    cd /Users/igasakigouta/Desktop/compleat/NEW＿完成させるよ/SOGAN
    builtin-copy -exclude .DS_Store -exclude CVS -exclude .svn -exclude .git -exclude .hg -resolve-src-symlinks -rename /Users/igasakigouta/Library/Developer/Xcode/DerivedData/SOGAN-afvumtezccrqgdcutgqwctlpryht/Build/Intermediates.noindex/SOGAN.build/Debug-iphonesimulator/SOGAN.build/Objects-normal/arm64/SOGAN.swiftmodule /Users/igasakigouta/Library/Developer/Xcode/DerivedData/SOGAN-afvumtezccrqgdcutgqwctlpryht/Build/Products/Debug-iphonesimulator/SOGAN.swiftmodule/arm64-apple-ios-simulator.swiftmodule

Copy /Users/igasakigouta/Library/Developer/Xcode/DerivedData/SOGAN-afvumtezccrqgdcutgqwctlpryht/Build/Products/Debug-iphonesimulator/SOGAN.swiftmodule/arm64-apple-ios-simulator.swiftdoc /Users/igasakigouta/Library/Developer/Xcode/DerivedData/SOGAN-afvumtezccrqgdcutgqwctlpryht/Build/Intermediates.noindex/SOGAN.build/Debug-iphonesimulator/SOGAN.build/Objects-normal/arm64/SOGAN.swiftdoc (in target 'SOGAN' from project 'SOGAN')
    cd /Users/igasakigouta/Desktop/compleat/NEW＿完成させるよ/SOGAN
    builtin-copy -exclude .DS_Store -exclude CVS -exclude .svn -exclude .git -exclude .hg -resolve-src-symlinks -rename /Users/igasakigouta/Library/Developer/Xcode/DerivedData/SOGAN-afvumtezccrqgdcutgqwctlpryht/Build/Intermediates.noindex/SOGAN.build/Debug-iphonesimulator/SOGAN.build/Objects-normal/arm64/SOGAN.swiftdoc /Users/igasakigouta/Library/Developer/Xcode/DerivedData/SOGAN-afvumtezccrqgdcutgqwctlpryht/Build/Products/Debug-iphonesimulator/SOGAN.swiftmodule/arm64-apple-ios-simulator.swiftdoc

Copy /Users/igasakigouta/Library/Developer/Xcode/DerivedData/SOGAN-afvumtezccrqgdcutgqwctlpryht/Build/Products/Debug-iphonesimulator/SOGAN.swiftmodule/arm64-apple-ios-simulator.abi.json /Users/igasakigouta/Library/Developer/Xcode/DerivedData/SOGAN-afvumtezccrqgdcutgqwctlpryht/Build/Intermediates.noindex/SOGAN.build/Debug-iphonesimulator/SOGAN.build/Objects-normal/arm64/SOGAN.abi.json (in target 'SOGAN' from project 'SOGAN')
    cd /Users/igasakigouta/Desktop/compleat/NEW＿完成させるよ/SOGAN
    builtin-copy -exclude .DS_Store -exclude CVS -exclude .svn -exclude .git -exclude .hg -resolve-src-symlinks -rename /Users/igasakigouta/Library/Developer/Xcode/DerivedData/SOGAN-afvumtezccrqgdcutgqwctlpryht/Build/Intermediates.noindex/SOGAN.build/Debug-iphonesimulator/SOGAN.build/Objects-normal/arm64/SOGAN.abi.json /Users/igasakigouta/Library/Developer/Xcode/DerivedData/SOGAN-afvumtezccrqgdcutgqwctlpryht/Build/Products/Debug-iphonesimulator/SOGAN.swiftmodule/arm64-apple-ios-simulator.abi.json

Copy /Users/igasakigouta/Library/Developer/Xcode/DerivedData/SOGAN-afvumtezccrqgdcutgqwctlpryht/Build/Products/Debug-iphonesimulator/SOGAN.swiftmodule/Project/arm64-apple-ios-simulator.swiftsourceinfo /Users/igasakigouta/Library/Developer/Xcode/DerivedData/SOGAN-afvumtezccrqgdcutgqwctlpryht/Build/Intermediates.noindex/SOGAN.build/Debug-iphonesimulator/SOGAN.build/Objects-normal/arm64/SOGAN.swiftsourceinfo (in target 'SOGAN' from project 'SOGAN')
    cd /Users/igasakigouta/Desktop/compleat/NEW＿完成させるよ/SOGAN
    builtin-copy -exclude .DS_Store -exclude CVS -exclude .svn -exclude .git -exclude .hg -resolve-src-symlinks -rename /Users/igasakigouta/Library/Developer/Xcode/DerivedData/SOGAN-afvumtezccrqgdcutgqwctlpryht/Build/Intermediates.noindex/SOGAN.build/Debug-iphonesimulator/SOGAN.build/Objects-normal/arm64/SOGAN.swiftsourceinfo /Users/igasakigouta/Library/Developer/Xcode/DerivedData/SOGAN-afvumtezccrqgdcutgqwctlpryht/Build/Products/Debug-iphonesimulator/SOGAN.swiftmodule/Project/arm64-apple-ios-simulator.swiftsourceinfo

LinkAssetCatalog /Users/igasakigouta/Desktop/compleat/NEW＿完成させるよ/SOGAN/SOGAN/Assets.xcassets (in target 'SOGAN' from project 'SOGAN')
    cd /Users/igasakigouta/Desktop/compleat/NEW＿完成させるよ/SOGAN
    builtin-linkAssetCatalog --thinned /Users/igasakigouta/Library/Developer/Xcode/DerivedData/SOGAN-afvumtezccrqgdcutgqwctlpryht/Build/Intermediates.noindex/SOGAN.build/Debug-iphonesimulator/SOGAN.build/assetcatalog_output/thinned --thinned-dependencies /Users/igasakigouta/Library/Developer/Xcode/DerivedData/SOGAN-afvumtezccrqgdcutgqwctlpryht/Build/Intermediates.noindex/SOGAN.build/Debug-iphonesimulator/SOGAN.build/assetcatalog_dependencies_thinned --thinned-info-plist-content /Users/igasakigouta/Library/Developer/Xcode/DerivedData/SOGAN-afvumtezccrqgdcutgqwctlpryht/Build/Intermediates.noindex/SOGAN.build/Debug-iphonesimulator/SOGAN.build/assetcatalog_generated_info.plist_thinned --unthinned /Users/igasakigouta/Library/Developer/Xcode/DerivedData/SOGAN-afvumtezccrqgdcutgqwctlpryht/Build/Intermediates.noindex/SOGAN.build/Debug-iphonesimulator/SOGAN.build/assetcatalog_output/unthinned --unthinned-dependencies /Users/igasakigouta/Library/Developer/Xcode/DerivedData/SOGAN-afvumtezccrqgdcutgqwctlpryht/Build/Intermediates.noindex/SOGAN.build/Debug-iphonesimulator/SOGAN.build/assetcatalog_dependencies_unthinned --unthinned-info-plist-content /Users/igasakigouta/Library/Developer/Xcode/DerivedData/SOGAN-afvumtezccrqgdcutgqwctlpryht/Build/Intermediates.noindex/SOGAN.build/Debug-iphonesimulator/SOGAN.build/assetcatalog_generated_info.plist_unthinned --output /Users/igasakigouta/Library/Developer/Xcode/DerivedData/SOGAN-afvumtezccrqgdcutgqwctlpryht/Build/Products/Debug-iphonesimulator/SOGAN.app --plist-output /Users/igasakigouta/Library/Developer/Xcode/DerivedData/SOGAN-afvumtezccrqgdcutgqwctlpryht/Build/Intermediates.noindex/SOGAN.build/Debug-iphonesimulator/SOGAN.build/assetcatalog_generated_info.plist
note: Emplaced /Users/igasakigouta/Library/Developer/Xcode/DerivedData/SOGAN-afvumtezccrqgdcutgqwctlpryht/Build/Products/Debug-iphonesimulator/SOGAN.app/AppIcon76x76@2x~ipad.png (in target 'SOGAN' from project 'SOGAN')
note: Emplaced /Users/igasakigouta/Library/Developer/Xcode/DerivedData/SOGAN-afvumtezccrqgdcutgqwctlpryht/Build/Products/Debug-iphonesimulator/SOGAN.app/AppIcon60x60@2x.png (in target 'SOGAN' from project 'SOGAN')
note: Emplaced /Users/igasakigouta/Library/Developer/Xcode/DerivedData/SOGAN-afvumtezccrqgdcutgqwctlpryht/Build/Products/Debug-iphonesimulator/SOGAN.app/Assets.car (in target 'SOGAN' from project 'SOGAN')

ProcessInfoPlistFile /Users/igasakigouta/Library/Developer/Xcode/DerivedData/SOGAN-afvumtezccrqgdcutgqwctlpryht/Build/Products/Debug-iphonesimulator/SOGAN.app/Info.plist /Users/igasakigouta/Library/Developer/Xcode/DerivedData/SOGAN-afvumtezccrqgdcutgqwctlpryht/Build/Intermediates.noindex/SOGAN.build/Debug-iphonesimulator/SOGAN.build/empty-SOGAN.plist (in target 'SOGAN' from project 'SOGAN')
    cd /Users/igasakigouta/Desktop/compleat/NEW＿完成させるよ/SOGAN
    builtin-infoPlistUtility /Users/igasakigouta/Library/Developer/Xcode/DerivedData/SOGAN-afvumtezccrqgdcutgqwctlpryht/Build/Intermediates.noindex/SOGAN.build/Debug-iphonesimulator/SOGAN.build/empty-SOGAN.plist -producttype com.apple.product-type.application -genpkginfo /Users/igasakigouta/Library/Developer/Xcode/DerivedData/SOGAN-afvumtezccrqgdcutgqwctlpryht/Build/Products/Debug-iphonesimulator/SOGAN.app/PkgInfo -expandbuildsettings -format binary -platform iphonesimulator -additionalcontentfile /Users/igasakigouta/Library/Developer/Xcode/DerivedData/SOGAN-afvumtezccrqgdcutgqwctlpryht/Build/Intermediates.noindex/SOGAN.build/Debug-iphonesimulator/SOGAN.build/assetcatalog_generated_info.plist -o /Users/igasakigouta/Library/Developer/Xcode/DerivedData/SOGAN-afvumtezccrqgdcutgqwctlpryht/Build/Products/Debug-iphonesimulator/SOGAN.app/Info.plist

SwiftDriverJobDiscovery normal arm64 Compiling DiamondManager.swift, ContentView.swift (in target 'SOGAN' from project 'SOGAN')

SwiftDriverJobDiscovery normal arm64 Compiling CameraView.swift, SOGANApp.swift (in target 'SOGAN' from project 'SOGAN')

SwiftDriverJobDiscovery normal arm64 Compiling SettingsView.swift, ImagePicker.swift (in target 'SOGAN' from project 'SOGAN')

SwiftDriverJobDiscovery normal arm64 Compiling AdviceView.swift, SplashView.swift (in target 'SOGAN' from project 'SOGAN')

SwiftDriverJobDiscovery normal arm64 Compiling HistoryView.swift, DiamondPurchaseView.swift (in target 'SOGAN' from project 'SOGAN')

SwiftDriverJobDiscovery normal arm64 Compiling UserManagementView.swift, LegalDocumentsView.swift (in target 'SOGAN' from project 'SOGAN')

SwiftDriverJobDiscovery normal arm64 Compiling PurchaseManager.swift, DiagnosisView.swift (in target 'SOGAN' from project 'SOGAN')

SwiftDriverJobDiscovery normal arm64 Compiling DiagnosisResultView.swift, Models.swift (in target 'SOGAN' from project 'SOGAN')

SwiftDriver\ Compilation SOGAN normal arm64 com.apple.xcode.tools.swift.compiler (in target 'SOGAN' from project 'SOGAN')
    cd /Users/igasakigouta/Desktop/compleat/NEW＿完成させるよ/SOGAN
    builtin-Swift-Compilation -- /Applications/Xcode.app/Contents/Developer/Toolchains/XcodeDefault.xctoolchain/usr/bin/swiftc -module-name SOGAN -Onone -enforce-exclusivity\=checked @/Users/igasakigouta/Library/Developer/Xcode/DerivedData/SOGAN-afvumtezccrqgdcutgqwctlpryht/Build/Intermediates.noindex/SOGAN.build/Debug-iphonesimulator/SOGAN.build/Objects-normal/arm64/SOGAN.SwiftFileList -DDEBUG -enable-bare-slash-regex -enable-experimental-feature DebugDescriptionMacro -sdk /Applications/Xcode.app/Contents/Developer/Platforms/iPhoneSimulator.platform/Developer/SDKs/iPhoneSimulator18.5.sdk -target arm64-apple-ios18.5-simulator -g -module-cache-path /Users/igasakigouta/Library/Developer/Xcode/DerivedData/ModuleCache.noindex -Xfrontend -serialize-debugging-options -profile-coverage-mapping -profile-generate -enable-testing -index-store-path /Users/igasakigouta/Library/Developer/Xcode/DerivedData/SOGAN-afvumtezccrqgdcutgqwctlpryht/Index.noindex/DataStore -swift-version 5 -I /Users/igasakigouta/Library/Developer/Xcode/DerivedData/SOGAN-afvumtezccrqgdcutgqwctlpryht/Build/Products/Debug-iphonesimulator -F /Users/igasakigouta/Library/Developer/Xcode/DerivedData/SOGAN-afvumtezccrqgdcutgqwctlpryht/Build/Products/Debug-iphonesimulator -emit-localized-strings -emit-localized-strings-path /Users/igasakigouta/Library/Developer/Xcode/DerivedData/SOGAN-afvumtezccrqgdcutgqwctlpryht/Build/Intermediates.noindex/SOGAN.build/Debug-iphonesimulator/SOGAN.build/Objects-normal/arm64 -c -j10 -enable-batch-mode -incremental -Xcc -ivfsstatcache -Xcc /Users/igasakigouta/Library/Developer/Xcode/DerivedData/SDKStatCaches.noindex/iphonesimulator18.5-22F76-d5fc8ad4295d2ef488fb7d0f804ce0c4.sdkstatcache -output-file-map /Users/igasakigouta/Library/Developer/Xcode/DerivedData/SOGAN-afvumtezccrqgdcutgqwctlpryht/Build/Intermediates.noindex/SOGAN.build/Debug-iphonesimulator/SOGAN.build/Objects-normal/arm64/SOGAN-OutputFileMap.json -use-frontend-parseable-output -save-temps -no-color-diagnostics -serialize-diagnostics -emit-dependencies -emit-module -emit-module-path /Users/igasakigouta/Library/Developer/Xcode/DerivedData/SOGAN-afvumtezccrqgdcutgqwctlpryht/Build/Intermediates.noindex/SOGAN.build/Debug-iphonesimulator/SOGAN.build/Objects-normal/arm64/SOGAN.swiftmodule -validate-clang-modules-once -clang-build-session-file /Users/igasakigouta/Library/Developer/Xcode/DerivedData/ModuleCache.noindex/Session.modulevalidation -Xcc -I/Users/igasakigouta/Library/Developer/Xcode/DerivedData/SOGAN-afvumtezccrqgdcutgqwctlpryht/Build/Intermediates.noindex/SOGAN.build/Debug-iphonesimulator/SOGAN.build/swift-overrides.hmap -emit-const-values -Xfrontend -const-gather-protocols-file -Xfrontend /Users/igasakigouta/Library/Developer/Xcode/DerivedData/SOGAN-afvumtezccrqgdcutgqwctlpryht/Build/Intermediates.noindex/SOGAN.build/Debug-iphonesimulator/SOGAN.build/Objects-normal/arm64/SOGAN_const_extract_protocols.json -Xcc -iquote -Xcc /Users/igasakigouta/Library/Developer/Xcode/DerivedData/SOGAN-afvumtezccrqgdcutgqwctlpryht/Build/Intermediates.noindex/SOGAN.build/Debug-iphonesimulator/SOGAN.build/SOGAN-generated-files.hmap -Xcc -I/Users/igasakigouta/Library/Developer/Xcode/DerivedData/SOGAN-afvumtezccrqgdcutgqwctlpryht/Build/Intermediates.noindex/SOGAN.build/Debug-iphonesimulator/SOGAN.build/SOGAN-own-target-headers.hmap -Xcc -I/Users/igasakigouta/Library/Developer/Xcode/DerivedData/SOGAN-afvumtezccrqgdcutgqwctlpryht/Build/Intermediates.noindex/SOGAN.build/Debug-iphonesimulator/SOGAN.build/SOGAN-all-target-headers.hmap -Xcc -iquote -Xcc /Users/igasakigouta/Library/Developer/Xcode/DerivedData/SOGAN-afvumtezccrqgdcutgqwctlpryht/Build/Intermediates.noindex/SOGAN.build/Debug-iphonesimulator/SOGAN.build/SOGAN-project-headers.hmap -Xcc -I/Users/igasakigouta/Library/Developer/Xcode/DerivedData/SOGAN-afvumtezccrqgdcutgqwctlpryht/Build/Products/Debug-iphonesimulator/include -Xcc -I/Users/igasakigouta/Library/Developer/Xcode/DerivedData/SOGAN-afvumtezccrqgdcutgqwctlpryht/Build/Intermediates.noindex/SOGAN.build/Debug-iphonesimulator/SOGAN.build/DerivedSources-normal/arm64 -Xcc -I/Users/igasakigouta/Library/Developer/Xcode/DerivedData/SOGAN-afvumtezccrqgdcutgqwctlpryht/Build/Intermediates.noindex/SOGAN.build/Debug-iphonesimulator/SOGAN.build/DerivedSources/arm64 -Xcc -I/Users/igasakigouta/Library/Developer/Xcode/DerivedData/SOGAN-afvumtezccrqgdcutgqwctlpryht/Build/Intermediates.noindex/SOGAN.build/Debug-iphonesimulator/SOGAN.build/DerivedSources -Xcc -DDEBUG\=1 -emit-objc-header -emit-objc-header-path /Users/igasakigouta/Library/Developer/Xcode/DerivedData/SOGAN-afvumtezccrqgdcutgqwctlpryht/Build/Intermediates.noindex/SOGAN.build/Debug-iphonesimulator/SOGAN.build/Objects-normal/arm64/SOGAN-Swift.h -working-directory /Users/igasakigouta/Desktop/compleat/NEW＿完成させるよ/SOGAN -experimental-emit-module-separately -disable-cmo

Ld /Users/igasakigouta/Library/Developer/Xcode/DerivedData/SOGAN-afvumtezccrqgdcutgqwctlpryht/Build/Products/Debug-iphonesimulator/SOGAN.app/SOGAN.debug.dylib normal (in target 'SOGAN' from project 'SOGAN')
    cd /Users/igasakigouta/Desktop/compleat/NEW＿完成させるよ/SOGAN
    /Applications/Xcode.app/Contents/Developer/Toolchains/XcodeDefault.xctoolchain/usr/bin/clang -Xlinker -reproducible -target arm64-apple-ios18.5-simulator -dynamiclib -isysroot /Applications/Xcode.app/Contents/Developer/Platforms/iPhoneSimulator.platform/Developer/SDKs/iPhoneSimulator18.5.sdk -O0 -L/Users/igasakigouta/Library/Developer/Xcode/DerivedData/SOGAN-afvumtezccrqgdcutgqwctlpryht/Build/Intermediates.noindex/EagerLinkingTBDs/Debug-iphonesimulator -L/Users/igasakigouta/Library/Developer/Xcode/DerivedData/SOGAN-afvumtezccrqgdcutgqwctlpryht/Build/Products/Debug-iphonesimulator -F/Users/igasakigouta/Library/Developer/Xcode/DerivedData/SOGAN-afvumtezccrqgdcutgqwctlpryht/Build/Intermediates.noindex/EagerLinkingTBDs/Debug-iphonesimulator -F/Users/igasakigouta/Library/Developer/Xcode/DerivedData/SOGAN-afvumtezccrqgdcutgqwctlpryht/Build/Products/Debug-iphonesimulator -filelist /Users/igasakigouta/Library/Developer/Xcode/DerivedData/SOGAN-afvumtezccrqgdcutgqwctlpryht/Build/Intermediates.noindex/SOGAN.build/Debug-iphonesimulator/SOGAN.build/Objects-normal/arm64/SOGAN.LinkFileList -install_name @rpath/SOGAN.debug.dylib -Xlinker -rpath -Xlinker @executable_path/Frameworks -dead_strip -Xlinker -object_path_lto -Xlinker /Users/igasakigouta/Library/Developer/Xcode/DerivedData/SOGAN-afvumtezccrqgdcutgqwctlpryht/Build/Intermediates.noindex/SOGAN.build/Debug-iphonesimulator/SOGAN.build/Objects-normal/arm64/SOGAN_lto.o -rdynamic -Xlinker -no_deduplicate -Xlinker -objc_abi_version -Xlinker 2 -Xlinker -debug_variant -Xlinker -dependency_info -Xlinker /Users/igasakigouta/Library/Developer/Xcode/DerivedData/SOGAN-afvumtezccrqgdcutgqwctlpryht/Build/Intermediates.noindex/SOGAN.build/Debug-iphonesimulator/SOGAN.build/Objects-normal/arm64/SOGAN_dependency_info.dat -fobjc-link-runtime -fprofile-instr-generate -L/Applications/Xcode.app/Contents/Developer/Toolchains/XcodeDefault.xctoolchain/usr/lib/swift/iphonesimulator -L/usr/lib/swift -Xlinker -add_ast_path -Xlinker /Users/igasakigouta/Library/Developer/Xcode/DerivedData/SOGAN-afvumtezccrqgdcutgqwctlpryht/Build/Intermediates.noindex/SOGAN.build/Debug-iphonesimulator/SOGAN.build/Objects-normal/arm64/SOGAN.swiftmodule -Xlinker -alias -Xlinker _main -Xlinker ___debug_main_executable_dylib_entry_point -Xlinker -no_adhoc_codesign -o /Users/igasakigouta/Library/Developer/Xcode/DerivedData/SOGAN-afvumtezccrqgdcutgqwctlpryht/Build/Products/Debug-iphonesimulator/SOGAN.app/SOGAN.debug.dylib

ConstructStubExecutorLinkFileList /Users/igasakigouta/Library/Developer/Xcode/DerivedData/SOGAN-afvumtezccrqgdcutgqwctlpryht/Build/Intermediates.noindex/SOGAN.build/Debug-iphonesimulator/SOGAN.build/SOGAN-ExecutorLinkFileList-normal-arm64.txt (in target 'SOGAN' from project 'SOGAN')
    cd /Users/igasakigouta/Desktop/compleat/NEW＿完成させるよ/SOGAN
    construct-stub-executor-link-file-list /Users/igasakigouta/Library/Developer/Xcode/DerivedData/SOGAN-afvumtezccrqgdcutgqwctlpryht/Build/Products/Debug-iphonesimulator/SOGAN.app/SOGAN.debug.dylib /Applications/Xcode.app/Contents/Developer/Platforms/iPhoneSimulator.platform/Developer/usr/lib/libPreviewsJITStubExecutor_no_swift_entry_point.a /Applications/Xcode.app/Contents/Developer/Platforms/iPhoneSimulator.platform/Developer/usr/lib/libPreviewsJITStubExecutor.a --output /Users/igasakigouta/Library/Developer/Xcode/DerivedData/SOGAN-afvumtezccrqgdcutgqwctlpryht/Build/Intermediates.noindex/SOGAN.build/Debug-iphonesimulator/SOGAN.build/SOGAN-ExecutorLinkFileList-normal-arm64.txt
note: Using stub executor library with Swift entry point. (in target 'SOGAN' from project 'SOGAN')

Ld /Users/igasakigouta/Library/Developer/Xcode/DerivedData/SOGAN-afvumtezccrqgdcutgqwctlpryht/Build/Products/Debug-iphonesimulator/SOGAN.app/SOGAN normal (in target 'SOGAN' from project 'SOGAN')
    cd /Users/igasakigouta/Desktop/compleat/NEW＿完成させるよ/SOGAN
    /Applications/Xcode.app/Contents/Developer/Toolchains/XcodeDefault.xctoolchain/usr/bin/clang -Xlinker -reproducible -target arm64-apple-ios18.5-simulator -isysroot /Applications/Xcode.app/Contents/Developer/Platforms/iPhoneSimulator.platform/Developer/SDKs/iPhoneSimulator18.5.sdk -O0 -L/Users/igasakigouta/Library/Developer/Xcode/DerivedData/SOGAN-afvumtezccrqgdcutgqwctlpryht/Build/Products/Debug-iphonesimulator -F/Users/igasakigouta/Library/Developer/Xcode/DerivedData/SOGAN-afvumtezccrqgdcutgqwctlpryht/Build/Products/Debug-iphonesimulator -Xlinker -rpath -Xlinker @executable_path -Xlinker -rpath -Xlinker @executable_path/Frameworks -rdynamic -Xlinker -no_deduplicate -Xlinker -objc_abi_version -Xlinker 2 -Xlinker -debug_variant -e ___debug_blank_executor_main -Xlinker -sectcreate -Xlinker __TEXT -Xlinker __debug_dylib -Xlinker /Users/igasakigouta/Library/Developer/Xcode/DerivedData/SOGAN-afvumtezccrqgdcutgqwctlpryht/Build/Intermediates.noindex/SOGAN.build/Debug-iphonesimulator/SOGAN.build/SOGAN-DebugDylibPath-normal-arm64.txt -Xlinker -sectcreate -Xlinker __TEXT -Xlinker __debug_instlnm -Xlinker /Users/igasakigouta/Library/Developer/Xcode/DerivedData/SOGAN-afvumtezccrqgdcutgqwctlpryht/Build/Intermediates.noindex/SOGAN.build/Debug-iphonesimulator/SOGAN.build/SOGAN-DebugDylibInstallName-normal-arm64.txt -Xlinker -filelist -Xlinker /Users/igasakigouta/Library/Developer/Xcode/DerivedData/SOGAN-afvumtezccrqgdcutgqwctlpryht/Build/Intermediates.noindex/SOGAN.build/Debug-iphonesimulator/SOGAN.build/SOGAN-ExecutorLinkFileList-normal-arm64.txt -Xlinker -sectcreate -Xlinker __TEXT -Xlinker __entitlements -Xlinker /Users/igasakigouta/Library/Developer/Xcode/DerivedData/SOGAN-afvumtezccrqgdcutgqwctlpryht/Build/Intermediates.noindex/SOGAN.build/Debug-iphonesimulator/SOGAN.build/SOGAN.app-Simulated.xcent -Xlinker -sectcreate -Xlinker __TEXT -Xlinker __ents_der -Xlinker /Users/igasakigouta/Library/Developer/Xcode/DerivedData/SOGAN-afvumtezccrqgdcutgqwctlpryht/Build/Intermediates.noindex/SOGAN.build/Debug-iphonesimulator/SOGAN.build/SOGAN.app-Simulated.xcent.der /Users/igasakigouta/Library/Developer/Xcode/DerivedData/SOGAN-afvumtezccrqgdcutgqwctlpryht/Build/Products/Debug-iphonesimulator/SOGAN.app/SOGAN.debug.dylib -Xlinker -no_adhoc_codesign -o /Users/igasakigouta/Library/Developer/Xcode/DerivedData/SOGAN-afvumtezccrqgdcutgqwctlpryht/Build/Products/Debug-iphonesimulator/SOGAN.app/SOGAN

CopySwiftLibs /Users/igasakigouta/Library/Developer/Xcode/DerivedData/SOGAN-afvumtezccrqgdcutgqwctlpryht/Build/Products/Debug-iphonesimulator/SOGAN.app (in target 'SOGAN' from project 'SOGAN')
    cd /Users/igasakigouta/Desktop/compleat/NEW＿完成させるよ/SOGAN
    builtin-swiftStdLibTool --copy --verbose --sign - --scan-executable /Users/igasakigouta/Library/Developer/Xcode/DerivedData/SOGAN-afvumtezccrqgdcutgqwctlpryht/Build/Products/Debug-iphonesimulator/SOGAN.app/SOGAN.debug.dylib --scan-folder /Users/igasakigouta/Library/Developer/Xcode/DerivedData/SOGAN-afvumtezccrqgdcutgqwctlpryht/Build/Products/Debug-iphonesimulator/SOGAN.app/Frameworks --scan-folder /Users/igasakigouta/Library/Developer/Xcode/DerivedData/SOGAN-afvumtezccrqgdcutgqwctlpryht/Build/Products/Debug-iphonesimulator/SOGAN.app/PlugIns --scan-folder /Users/igasakigouta/Library/Developer/Xcode/DerivedData/SOGAN-afvumtezccrqgdcutgqwctlpryht/Build/Products/Debug-iphonesimulator/SOGAN.app/SystemExtensions --scan-folder /Users/igasakigouta/Library/Developer/Xcode/DerivedData/SOGAN-afvumtezccrqgdcutgqwctlpryht/Build/Products/Debug-iphonesimulator/SOGAN.app/Extensions --platform iphonesimulator --toolchain /Applications/Xcode.app/Contents/Developer/Toolchains/XcodeDefault.xctoolchain --destination /Users/igasakigouta/Library/Developer/Xcode/DerivedData/SOGAN-afvumtezccrqgdcutgqwctlpryht/Build/Products/Debug-iphonesimulator/SOGAN.app/Frameworks --strip-bitcode --strip-bitcode-tool /Applications/Xcode.app/Contents/Developer/Toolchains/XcodeDefault.xctoolchain/usr/bin/bitcode_strip --emit-dependency-info /Users/igasakigouta/Library/Developer/Xcode/DerivedData/SOGAN-afvumtezccrqgdcutgqwctlpryht/Build/Intermediates.noindex/SOGAN.build/Debug-iphonesimulator/SOGAN.build/SwiftStdLibToolInputDependencies.dep --filter-for-swift-os

ExtractAppIntentsMetadata (in target 'SOGAN' from project 'SOGAN')
    cd /Users/igasakigouta/Desktop/compleat/NEW＿完成させるよ/SOGAN
    /Applications/Xcode.app/Contents/Developer/Toolchains/XcodeDefault.xctoolchain/usr/bin/appintentsmetadataprocessor --toolchain-dir /Applications/Xcode.app/Contents/Developer/Toolchains/XcodeDefault.xctoolchain --module-name SOGAN --sdk-root /Applications/Xcode.app/Contents/Developer/Platforms/iPhoneSimulator.platform/Developer/SDKs/iPhoneSimulator18.5.sdk --xcode-version 16F6 --platform-family iOS --deployment-target 18.5 --bundle-identifier com.igafactory.SOGAN --output /Users/igasakigouta/Library/Developer/Xcode/DerivedData/SOGAN-afvumtezccrqgdcutgqwctlpryht/Build/Products/Debug-iphonesimulator/SOGAN.app --target-triple arm64-apple-ios18.5-simulator --binary-file /Users/igasakigouta/Library/Developer/Xcode/DerivedData/SOGAN-afvumtezccrqgdcutgqwctlpryht/Build/Products/Debug-iphonesimulator/SOGAN.app/SOGAN --dependency-file /Users/igasakigouta/Library/Developer/Xcode/DerivedData/SOGAN-afvumtezccrqgdcutgqwctlpryht/Build/Intermediates.noindex/SOGAN.build/Debug-iphonesimulator/SOGAN.build/Objects-normal/arm64/SOGAN_dependency_info.dat --stringsdata-file /Users/igasakigouta/Library/Developer/Xcode/DerivedData/SOGAN-afvumtezccrqgdcutgqwctlpryht/Build/Intermediates.noindex/SOGAN.build/Debug-iphonesimulator/SOGAN.build/Objects-normal/arm64/ExtractedAppShortcutsMetadata.stringsdata --source-file-list /Users/igasakigouta/Library/Developer/Xcode/DerivedData/SOGAN-afvumtezccrqgdcutgqwctlpryht/Build/Intermediates.noindex/SOGAN.build/Debug-iphonesimulator/SOGAN.build/Objects-normal/arm64/SOGAN.SwiftFileList --metadata-file-list /Users/igasakigouta/Library/Developer/Xcode/DerivedData/SOGAN-afvumtezccrqgdcutgqwctlpryht/Build/Intermediates.noindex/SOGAN.build/Debug-iphonesimulator/SOGAN.build/SOGAN.DependencyMetadataFileList --static-metadata-file-list /Users/igasakigouta/Library/Developer/Xcode/DerivedData/SOGAN-afvumtezccrqgdcutgqwctlpryht/Build/Intermediates.noindex/SOGAN.build/Debug-iphonesimulator/SOGAN.build/SOGAN.DependencyStaticMetadataFileList --swift-const-vals-list /Users/igasakigouta/Library/Developer/Xcode/DerivedData/SOGAN-afvumtezccrqgdcutgqwctlpryht/Build/Intermediates.noindex/SOGAN.build/Debug-iphonesimulator/SOGAN.build/Objects-normal/arm64/SOGAN.SwiftConstValuesFileList --compile-time-extraction --deployment-aware-processing --validate-assistant-intents --no-app-shortcuts-localization
2025-07-07 20:58:55.014 appintentsmetadataprocessor[3075:41058] Starting appintentsmetadataprocessor export
2025-07-07 20:58:55.017 appintentsmetadataprocessor[3075:41058] warning: Metadata extraction skipped. No AppIntents.framework dependency found.

AppIntentsSSUTraining (in target 'SOGAN' from project 'SOGAN')
    cd /Users/igasakigouta/Desktop/compleat/NEW＿完成させるよ/SOGAN
    /Applications/Xcode.app/Contents/Developer/Toolchains/XcodeDefault.xctoolchain/usr/bin/appintentsnltrainingprocessor --infoplist-path /Users/igasakigouta/Library/Developer/Xcode/DerivedData/SOGAN-afvumtezccrqgdcutgqwctlpryht/Build/Products/Debug-iphonesimulator/SOGAN.app/Info.plist --temp-dir-path /Users/igasakigouta/Library/Developer/Xcode/DerivedData/SOGAN-afvumtezccrqgdcutgqwctlpryht/Build/Intermediates.noindex/SOGAN.build/Debug-iphonesimulator/SOGAN.build/ssu --bundle-id com.igafactory.SOGAN --product-path /Users/igasakigouta/Library/Developer/Xcode/DerivedData/SOGAN-afvumtezccrqgdcutgqwctlpryht/Build/Products/Debug-iphonesimulator/SOGAN.app --extracted-metadata-path /Users/igasakigouta/Library/Developer/Xcode/DerivedData/SOGAN-afvumtezccrqgdcutgqwctlpryht/Build/Products/Debug-iphonesimulator/SOGAN.app/Metadata.appintents --metadata-file-list /Users/igasakigouta/Library/Developer/Xcode/DerivedData/SOGAN-afvumtezccrqgdcutgqwctlpryht/Build/Intermediates.noindex/SOGAN.build/Debug-iphonesimulator/SOGAN.build/SOGAN.DependencyMetadataFileList --archive-ssu-assets
2025-07-07 20:58:55.030 appintentsnltrainingprocessor[3076:41060] Parsing options for appintentsnltrainingprocessor
2025-07-07 20:58:55.030 appintentsnltrainingprocessor[3076:41060] No AppShortcuts found - Skipping.

CodeSign /Users/igasakigouta/Library/Developer/Xcode/DerivedData/SOGAN-afvumtezccrqgdcutgqwctlpryht/Build/Products/Debug-iphonesimulator/SOGAN.app/SOGAN.debug.dylib (in target 'SOGAN' from project 'SOGAN')
    cd /Users/igasakigouta/Desktop/compleat/NEW＿完成させるよ/SOGAN
    
    Signing Identity:     "Sign to Run Locally"
    
    /usr/bin/codesign --force --sign - --timestamp\=none --generate-entitlement-der /Users/igasakigouta/Library/Developer/Xcode/DerivedData/SOGAN-afvumtezccrqgdcutgqwctlpryht/Build/Products/Debug-iphonesimulator/SOGAN.app/SOGAN.debug.dylib

CodeSign /Users/igasakigouta/Library/Developer/Xcode/DerivedData/SOGAN-afvumtezccrqgdcutgqwctlpryht/Build/Products/Debug-iphonesimulator/SOGAN.app/__preview.dylib (in target 'SOGAN' from project 'SOGAN')
    cd /Users/igasakigouta/Desktop/compleat/NEW＿完成させるよ/SOGAN
    
    Signing Identity:     "Sign to Run Locally"
    
    /usr/bin/codesign --force --sign - --timestamp\=none --generate-entitlement-der /Users/igasakigouta/Library/Developer/Xcode/DerivedData/SOGAN-afvumtezccrqgdcutgqwctlpryht/Build/Products/Debug-iphonesimulator/SOGAN.app/__preview.dylib

CodeSign /Users/igasakigouta/Library/Developer/Xcode/DerivedData/SOGAN-afvumtezccrqgdcutgqwctlpryht/Build/Products/Debug-iphonesimulator/SOGAN.app (in target 'SOGAN' from project 'SOGAN')
    cd /Users/igasakigouta/Desktop/compleat/NEW＿完成させるよ/SOGAN
    
    Signing Identity:     "Sign to Run Locally"
    
    /usr/bin/codesign --force --sign - --entitlements /Users/igasakigouta/Library/Developer/Xcode/DerivedData/SOGAN-afvumtezccrqgdcutgqwctlpryht/Build/Intermediates.noindex/SOGAN.build/Debug-iphonesimulator/SOGAN.build/SOGAN.app.xcent --timestamp\=none --generate-entitlement-der /Users/igasakigouta/Library/Developer/Xcode/DerivedData/SOGAN-afvumtezccrqgdcutgqwctlpryht/Build/Products/Debug-iphonesimulator/SOGAN.app

RegisterExecutionPolicyException /Users/igasakigouta/Library/Developer/Xcode/DerivedData/SOGAN-afvumtezccrqgdcutgqwctlpryht/Build/Products/Debug-iphonesimulator/SOGAN.app (in target 'SOGAN' from project 'SOGAN')
    cd /Users/igasakigouta/Desktop/compleat/NEW＿完成させるよ/SOGAN
    builtin-RegisterExecutionPolicyException /Users/igasakigouta/Library/Developer/Xcode/DerivedData/SOGAN-afvumtezccrqgdcutgqwctlpryht/Build/Products/Debug-iphonesimulator/SOGAN.app

Validate /Users/igasakigouta/Library/Developer/Xcode/DerivedData/SOGAN-afvumtezccrqgdcutgqwctlpryht/Build/Products/Debug-iphonesimulator/SOGAN.app (in target 'SOGAN' from project 'SOGAN')
    cd /Users/igasakigouta/Desktop/compleat/NEW＿完成させるよ/SOGAN
    builtin-validationUtility /Users/igasakigouta/Library/Developer/Xcode/DerivedData/SOGAN-afvumtezccrqgdcutgqwctlpryht/Build/Products/Debug-iphonesimulator/SOGAN.app -infoplist-subpath Info.plist

Touch /Users/igasakigouta/Library/Developer/Xcode/DerivedData/SOGAN-afvumtezccrqgdcutgqwctlpryht/Build/Products/Debug-iphonesimulator/SOGAN.app (in target 'SOGAN' from project 'SOGAN')
    cd /Users/igasakigouta/Desktop/compleat/NEW＿完成させるよ/SOGAN
    /usr/bin/touch -c /Users/igasakigouta/Library/Developer/Xcode/DerivedData/SOGAN-afvumtezccrqgdcutgqwctlpryht/Build/Products/Debug-iphonesimulator/SOGAN.app

note: Disabling hardened runtime with ad-hoc codesigning. (in target 'SOGAN' from project 'SOGAN')
** BUILD SUCCEEDED **

